TN:
SF:src/components/MessageBubble.tsx
FN:14,(anonymous_0)
FN:19,(anonymous_1)
FN:35,(anonymous_2)
FN:46,(anonymous_3)
FN:57,(anonymous_4)
FN:65,(anonymous_5)
FN:70,(anonymous_6)
FN:81,(anonymous_7)
FN:117,(anonymous_8)
FNF:9
FNH:0
FNDA:0,(anonymous_0)
FNDA:0,(anonymous_1)
FNDA:0,(anonymous_2)
FNDA:0,(anonymous_3)
FNDA:0,(anonymous_4)
FNDA:0,(anonymous_5)
FNDA:0,(anonymous_6)
FNDA:0,(anonymous_7)
FNDA:0,(anonymous_8)
DA:14,0
DA:19,0
DA:20,0
DA:21,0
DA:23,0
DA:25,0
DA:27,0
DA:29,0
DA:31,0
DA:35,0
DA:36,0
DA:38,0
DA:40,0
DA:42,0
DA:46,0
DA:47,0
DA:49,0
DA:51,0
DA:53,0
DA:57,0
DA:58,0
DA:59,0
DA:65,0
DA:70,0
DA:81,0
DA:82,0
DA:112,0
DA:118,0
DA:119,0
DA:120,0
DA:139,0
LF:31
LH:0
BRDA:21,0,0,0
BRDA:21,0,1,0
BRDA:23,1,0,0
BRDA:23,1,1,0
BRDA:23,1,2,0
BRDA:23,1,3,0
BRDA:36,2,0,0
BRDA:36,2,1,0
BRDA:36,2,2,0
BRDA:47,3,0,0
BRDA:47,3,1,0
BRDA:47,3,2,0
BRDA:58,4,0,0
BRDA:58,4,1,0
BRDA:89,5,0,0
BRDA:89,5,1,0
BRDA:95,6,0,0
BRDA:95,6,1,0
BRDA:97,7,0,0
BRDA:97,7,1,0
BRDA:106,8,0,0
BRDA:106,8,1,0
BRDA:106,8,2,0
BRDA:113,9,0,0
BRDA:113,9,1,0
BRDA:114,10,0,0
BRDA:114,10,1,0
BRDA:119,11,0,0
BRDA:119,11,1,0
BRDA:119,12,0,0
BRDA:119,12,1,0
BRDA:169,13,0,0
BRDA:169,13,1,0
BRDA:229,14,0,0
BRDA:229,14,1,0
BRF:35
BRH:0
end_of_record
TN:
SF:src/screens/ActionItemsScreen.tsx
FN:26,(anonymous_0)
FN:36,(anonymous_1)
FN:61,(anonymous_2)
FN:67,(anonymous_3)
FN:84,(anonymous_4)
FN:88,(anonymous_5)
FN:95,(anonymous_6)
FN:148,(anonymous_7)
FN:154,(anonymous_8)
FN:156,(anonymous_9)
FN:159,(anonymous_10)
FN:163,(anonymous_11)
FN:174,(anonymous_12)
FN:175,(anonymous_13)
FN:181,(anonymous_14)
FN:182,(anonymous_15)
FN:186,(anonymous_16)
FN:191,(anonymous_17)
FN:197,(anonymous_18)
FN:198,(anonymous_19)
FN:205,(anonymous_20)
FN:214,(anonymous_21)
FN:216,(anonymous_22)
FN:216,(anonymous_23)
FN:223,(anonymous_24)
FN:232,(anonymous_25)
FN:237,(anonymous_26)
FN:242,(anonymous_27)
FN:243,(anonymous_28)
FN:259,(anonymous_29)
FN:265,(anonymous_30)
FN:271,(anonymous_31)
FN:295,(anonymous_32)
FN:305,(anonymous_33)
FNF:34
FNH:0
FNDA:0,(anonymous_0)
FNDA:0,(anonymous_1)
FNDA:0,(anonymous_2)
FNDA:0,(anonymous_3)
FNDA:0,(anonymous_4)
FNDA:0,(anonymous_5)
FNDA:0,(anonymous_6)
FNDA:0,(anonymous_7)
FNDA:0,(anonymous_8)
FNDA:0,(anonymous_9)
FNDA:0,(anonymous_10)
FNDA:0,(anonymous_11)
FNDA:0,(anonymous_12)
FNDA:0,(anonymous_13)
FNDA:0,(anonymous_14)
FNDA:0,(anonymous_15)
FNDA:0,(anonymous_16)
FNDA:0,(anonymous_17)
FNDA:0,(anonymous_18)
FNDA:0,(anonymous_19)
FNDA:0,(anonymous_20)
FNDA:0,(anonymous_21)
FNDA:0,(anonymous_22)
FNDA:0,(anonymous_23)
FNDA:0,(anonymous_24)
FNDA:0,(anonymous_25)
FNDA:0,(anonymous_26)
FNDA:0,(anonymous_27)
FNDA:0,(anonymous_28)
FNDA:0,(anonymous_29)
FNDA:0,(anonymous_30)
FNDA:0,(anonymous_31)
FNDA:0,(anonymous_32)
FNDA:0,(anonymous_33)
DA:26,0
DA:32,0
DA:36,0
DA:61,0
DA:67,0
DA:84,0
DA:85,0
DA:86,0
DA:88,0
DA:89,0
DA:90,0
DA:91,0
DA:95,0
DA:96,0
DA:98,0
DA:104,0
DA:107,0
DA:148,0
DA:149,0
DA:150,0
DA:151,0
DA:152,0
DA:154,0
DA:155,0
DA:156,0
DA:159,0
DA:160,0
DA:163,0
DA:164,0
DA:166,0
DA:168,0
DA:170,0
DA:174,0
DA:175,0
DA:176,0
DA:178,0
DA:179,0
DA:181,0
DA:182,0
DA:186,0
DA:187,0
DA:188,0
DA:191,0
DA:192,0
DA:197,0
DA:198,0
DA:201,0
DA:202,0
DA:205,0
DA:206,0
DA:215,0
DA:216,0
DA:223,0
DA:224,0
DA:232,0
DA:237,0
DA:242,0
DA:243,0
DA:245,0
DA:259,0
DA:265,0
DA:271,0
DA:295,0
DA:306,0
DA:307,0
DA:314,0
LF:66
LH:0
BRDA:33,0,0,0
BRDA:33,0,1,0
BRDA:39,1,0,0
BRDA:39,1,1,0
BRDA:41,2,0,0
BRDA:41,2,1,0
BRDA:43,3,0,0
BRDA:43,3,1,0
BRDA:48,4,0,0
BRDA:48,4,1,0
BRDA:48,4,2,0
BRDA:49,5,0,0
BRDA:49,5,1,0
BRDA:89,6,0,0
BRDA:89,6,1,0
BRDA:91,7,0,0
BRDA:91,7,1,0
BRDA:96,8,0,0
BRDA:96,8,1,0
BRDA:96,9,0,0
BRDA:96,9,1,0
BRDA:164,10,0,0
BRDA:164,10,1,0
BRDA:164,10,2,0
BRDA:176,11,0,0
BRDA:176,11,1,0
BRDA:182,12,0,0
BRDA:182,12,1,0
BRDA:198,13,0,0
BRDA:198,13,1,0
BRDA:234,14,0,0
BRDA:234,14,1,0
BRDA:239,15,0,0
BRDA:239,15,1,0
BRDA:277,16,0,0
BRDA:277,16,1,0
BRDA:281,17,0,0
BRDA:281,17,1,0
BRDA:283,18,0,0
BRDA:283,18,1,0
BRF:40
BRH:0
end_of_record
TN:
SF:src/screens/ExpensesScreen.tsx
FN:27,(anonymous_0)
FN:42,(anonymous_1)
FN:48,(anonymous_2)
FN:73,(anonymous_3)
FN:90,(anonymous_4)
FN:99,(anonymous_5)
FN:136,(anonymous_6)
FN:143,(anonymous_7)
FN:169,(anonymous_8)
FN:176,(anonymous_9)
FN:210,(anonymous_10)
FN:216,(anonymous_11)
FN:218,(anonymous_12)
FN:222,(anonymous_13)
FN:228,(anonymous_14)
FN:233,(anonymous_15)
FN:249,(anonymous_16)
FN:257,(anonymous_17)
FN:262,(anonymous_18)
FN:269,(anonymous_19)
FN:274,(anonymous_20)
FN:282,(anonymous_21)
FN:283,(anonymous_22)
FN:290,(anonymous_23)
FN:299,(anonymous_24)
FN:301,(anonymous_25)
FN:301,(anonymous_26)
FN:308,(anonymous_27)
FN:316,(anonymous_28)
FN:321,(anonymous_29)
FN:337,(anonymous_30)
FN:350,(anonymous_31)
FN:356,(anonymous_32)
FN:376,(anonymous_33)
FN:386,(anonymous_34)
FNF:35
FNH:0
FNDA:0,(anonymous_0)
FNDA:0,(anonymous_1)
FNDA:0,(anonymous_2)
FNDA:0,(anonymous_3)
FNDA:0,(anonymous_4)
FNDA:0,(anonymous_5)
FNDA:0,(anonymous_6)
FNDA:0,(anonymous_7)
FNDA:0,(anonymous_8)
FNDA:0,(anonymous_9)
FNDA:0,(anonymous_10)
FNDA:0,(anonymous_11)
FNDA:0,(anonymous_12)
FNDA:0,(anonymous_13)
FNDA:0,(anonymous_14)
FNDA:0,(anonymous_15)
FNDA:0,(anonymous_16)
FNDA:0,(anonymous_17)
FNDA:0,(anonymous_18)
FNDA:0,(anonymous_19)
FNDA:0,(anonymous_20)
FNDA:0,(anonymous_21)
FNDA:0,(anonymous_22)
FNDA:0,(anonymous_23)
FNDA:0,(anonymous_24)
FNDA:0,(anonymous_25)
FNDA:0,(anonymous_26)
FNDA:0,(anonymous_27)
FNDA:0,(anonymous_28)
FNDA:0,(anonymous_29)
FNDA:0,(anonymous_30)
FNDA:0,(anonymous_31)
FNDA:0,(anonymous_32)
FNDA:0,(anonymous_33)
FNDA:0,(anonymous_34)
DA:27,0
DA:28,0
DA:42,0
DA:48,0
DA:73,0
DA:79,0
DA:80,0
DA:81,0
DA:82,0
DA:84,0
DA:85,0
DA:90,0
DA:91,0
DA:92,0
DA:93,0
DA:94,0
DA:95,0
DA:99,0
DA:100,0
DA:102,0
DA:103,0
DA:104,0
DA:105,0
DA:108,0
DA:116,0
DA:119,0
DA:137,0
DA:143,0
DA:170,0
DA:176,0
DA:210,0
DA:211,0
DA:212,0
DA:213,0
DA:214,0
DA:216,0
DA:217,0
DA:218,0
DA:222,0
DA:223,0
DA:227,0
DA:229,0
DA:233,0
DA:234,0
DA:235,0
DA:236,0
DA:237,0
DA:238,0
DA:240,0
DA:249,0
DA:250,0
DA:251,0
DA:254,0
DA:257,0
DA:258,0
DA:262,0
DA:269,0
DA:270,0
DA:271,0
DA:274,0
DA:275,0
DA:282,0
DA:283,0
DA:286,0
DA:287,0
DA:290,0
DA:291,0
DA:300,0
DA:301,0
DA:308,0
DA:309,0
DA:316,0
DA:321,0
DA:326,0
DA:338,0
DA:350,0
DA:356,0
DA:376,0
DA:387,0
DA:388,0
DA:395,0
LF:81
LH:0
BRDA:35,0,0,0
BRDA:35,0,1,0
BRDA:91,1,0,0
BRDA:91,1,1,0
BRDA:95,2,0,0
BRDA:95,2,1,0
BRDA:100,3,0,0
BRDA:100,3,1,0
BRDA:100,4,0,0
BRDA:100,4,1,0
BRDA:100,4,2,0
BRDA:103,5,0,0
BRDA:103,5,1,0
BRDA:103,6,0,0
BRDA:103,6,1,0
BRDA:113,7,0,0
BRDA:113,7,1,0
BRDA:141,8,0,0
BRDA:141,8,1,0
BRDA:148,9,0,0
BRDA:148,9,1,0
BRDA:174,10,0,0
BRDA:174,10,1,0
BRDA:176,11,0,0
BRDA:176,11,1,0
BRDA:181,12,0,0
BRDA:181,12,1,0
BRDA:234,13,0,0
BRDA:234,13,1,0
BRDA:250,14,0,0
BRDA:250,14,1,0
BRDA:258,15,0,0
BRDA:258,15,1,0
BRDA:283,16,0,0
BRDA:283,16,1,0
BRDA:318,17,0,0
BRDA:318,17,1,0
BRDA:323,18,0,0
BRDA:323,18,1,0
BRDA:331,19,0,0
BRDA:331,19,1,0
BRDA:362,20,0,0
BRDA:362,20,1,0
BRDA:366,21,0,0
BRDA:366,21,1,0
BRF:45
BRH:0
end_of_record
TN:
SF:src/screens/JournalScreen.tsx
FN:24,(anonymous_0)
FN:29,(anonymous_1)
FN:33,(anonymous_2)
FN:47,(anonymous_3)
FN:51,(anonymous_4)
FN:55,(anonymous_5)
FN:63,(anonymous_6)
FN:66,(anonymous_7)
FN:83,(anonymous_8)
FN:111,(anonymous_9)
FN:115,(anonymous_10)
FN:120,(anonymous_11)
FN:130,(anonymous_12)
FN:149,(anonymous_13)
FN:161,(anonymous_14)
FN:162,(anonymous_15)
FN:169,(anonymous_16)
FN:186,(anonymous_17)
FN:202,(anonymous_18)
FNF:19
FNH:0
FNDA:0,(anonymous_0)
FNDA:0,(anonymous_1)
FNDA:0,(anonymous_2)
FNDA:0,(anonymous_3)
FNDA:0,(anonymous_4)
FNDA:0,(anonymous_5)
FNDA:0,(anonymous_6)
FNDA:0,(anonymous_7)
FNDA:0,(anonymous_8)
FNDA:0,(anonymous_9)
FNDA:0,(anonymous_10)
FNDA:0,(anonymous_11)
FNDA:0,(anonymous_12)
FNDA:0,(anonymous_13)
FNDA:0,(anonymous_14)
FNDA:0,(anonymous_15)
FNDA:0,(anonymous_16)
FNDA:0,(anonymous_17)
FNDA:0,(anonymous_18)
DA:24,0
DA:25,0
DA:26,0
DA:27,0
DA:29,0
DA:30,0
DA:32,0
DA:35,0
DA:36,0
DA:38,0
DA:39,0
DA:42,0
DA:47,0
DA:48,0
DA:51,0
DA:52,0
DA:55,0
DA:56,0
DA:63,0
DA:66,0
DA:67,0
DA:69,0
DA:78,0
DA:79,0
DA:82,0
DA:83,0
DA:86,0
DA:87,0
DA:88,0
DA:89,0
DA:90,0
DA:91,0
DA:95,0
DA:97,0
DA:98,0
DA:99,0
DA:100,0
DA:101,0
DA:102,0
DA:104,0
DA:108,0
DA:111,0
DA:112,0
DA:115,0
DA:120,0
DA:130,0
DA:131,0
DA:133,0
DA:134,0
DA:135,0
DA:136,0
DA:138,0
DA:142,0
DA:149,0
DA:150,0
DA:152,0
DA:153,0
DA:154,0
DA:155,0
DA:157,0
DA:161,0
DA:162,0
DA:163,0
DA:165,0
DA:166,0
DA:169,0
DA:170,0
DA:177,0
DA:186,0
DA:202,0
DA:238,0
DA:314,0
LF:72
LH:0
BRDA:36,0,0,0
BRDA:36,0,1,0
BRDA:38,1,0,0
BRDA:38,1,1,0
BRDA:38,2,0,0
BRDA:38,2,1,0
BRDA:39,3,0,0
BRDA:39,3,1,0
BRDA:39,4,0,0
BRDA:39,4,1,0
BRDA:67,5,0,0
BRDA:67,5,1,0
BRDA:86,6,0,0
BRDA:86,6,1,0
BRDA:89,7,0,0
BRDA:89,7,1,0
BRDA:97,8,0,0
BRDA:97,8,1,0
BRDA:100,9,0,0
BRDA:100,9,1,0
BRDA:116,10,0,0
BRDA:116,10,1,0
BRDA:121,11,0,0
BRDA:121,11,1,0
BRDA:131,12,0,0
BRDA:131,12,1,0
BRDA:134,13,0,0
BRDA:134,13,1,0
BRDA:150,14,0,0
BRDA:150,14,1,0
BRDA:153,15,0,0
BRDA:153,15,1,0
BRDA:163,16,0,0
BRDA:163,16,1,0
BRDA:184,17,0,0
BRDA:184,17,1,0
BRDA:191,18,0,0
BRDA:191,18,1,0
BRDA:208,19,0,0
BRDA:208,19,1,0
BRDA:216,20,0,0
BRDA:216,20,1,0
BRDA:226,21,0,0
BRDA:226,21,1,0
BRF:44
BRH:0
end_of_record
TN:
SF:src/screens/TestScreen.tsx
FN:4,TestScreen
FNF:1
FNH:0
FNDA:0,TestScreen
DA:5,0
LF:1
LH:0
BRF:0
BRH:0
end_of_record
TN:
SF:src/screens/index.ts
FNF:0
FNH:0
LF:0
LH:0
BRF:0
BRH:0
end_of_record
TN:
SF:src/types/index.ts
FNF:0
FNH:0
LF:0
LH:0
BRF:0
BRH:0
end_of_record
TN:
SF:src/utils/notifications.native.ts
FN:3,(anonymous_0)
FNF:1
FNH:0
FNDA:0,(anonymous_0)
DA:3,0
DA:4,0
DA:5,0
DA:6,0
DA:7,0
LF:5
LH:0
BRDA:4,0,0,0
BRDA:4,0,1,0
BRDA:6,1,0,0
BRDA:6,1,1,0
BRF:4
BRH:0
end_of_record
TN:
SF:src/utils/notifications.ts
FN:3,(anonymous_0)
FNF:1
FNH:0
FNDA:0,(anonymous_0)
DA:3,0
DA:6,0
LF:2
LH:0
BRF:0
BRH:0
end_of_record
TN:
SF:src/utils/notifications.web.ts
FN:4,(anonymous_0)
FN:8,(anonymous_1)
FN:14,(anonymous_2)
FN:21,(anonymous_3)
FNF:4
FNH:0
FNDA:0,(anonymous_0)
FNDA:0,(anonymous_1)
FNDA:0,(anonymous_2)
FNDA:0,(anonymous_3)
DA:4,0
DA:5,0
DA:8,0
DA:10,0
DA:11,0
DA:14,0
DA:16,0
DA:17,0
DA:21,0
DA:22,0
DA:24,0
DA:26,0
DA:28,0
DA:30,0
LF:14
LH:0
BRDA:22,0,0,0
BRDA:22,0,1,0
BRDA:22,0,2,0
BRDA:22,0,3,0
BRF:4
BRH:0
end_of_record
TN:
SF:src/utils/storage.ts
FN:10,(anonymous_0)
FN:16,(anonymous_1)
FN:28,(anonymous_2)
FN:37,(anonymous_3)
FN:48,(anonymous_4)
FN:53,(anonymous_5)
FN:66,(anonymous_6)
FN:75,(anonymous_7)
FN:85,(anonymous_8)
FN:88,(anonymous_9)
FN:98,(anonymous_10)
FN:101,(anonymous_11)
FN:109,(anonymous_12)
FN:114,(anonymous_13)
FN:127,(anonymous_14)
FN:136,(anonymous_15)
FN:146,(anonymous_16)
FN:149,(anonymous_17)
FN:159,(anonymous_18)
FN:162,(anonymous_19)
FNF:20
FNH:12
FNDA:2,(anonymous_0)
FNDA:1,(anonymous_1)
FNDA:2,(anonymous_2)
FNDA:1,(anonymous_3)
FNDA:2,(anonymous_4)
FNDA:2,(anonymous_5)
FNDA:2,(anonymous_6)
FNDA:0,(anonymous_7)
FNDA:1,(anonymous_8)
FNDA:1,(anonymous_9)
FNDA:0,(anonymous_10)
FNDA:0,(anonymous_11)
FNDA:1,(anonymous_12)
FNDA:1,(anonymous_13)
FNDA:1,(anonymous_14)
FNDA:0,(anonymous_15)
FNDA:0,(anonymous_16)
FNDA:0,(anonymous_17)
FNDA:0,(anonymous_18)
FNDA:0,(anonymous_19)
DA:4,1
DA:5,1
DA:6,1
DA:11,2
DA:12,2
DA:13,2
DA:14,2
DA:16,2
DA:21,0
DA:23,0
DA:24,0
DA:29,2
DA:30,2
DA:31,2
DA:33,0
DA:38,1
DA:39,1
DA:40,1
DA:41,1
DA:43,0
DA:49,2
DA:50,2
DA:51,2
DA:52,2
DA:53,2
DA:59,0
DA:61,0
DA:62,0
DA:67,2
DA:68,2
DA:69,2
DA:71,0
DA:76,0
DA:77,0
DA:78,0
DA:79,0
DA:81,0
DA:86,1
DA:87,1
DA:88,1
DA:89,1
DA:90,1
DA:92,1
DA:94,0
DA:99,0
DA:100,0
DA:101,0
DA:102,0
DA:104,0
DA:110,1
DA:111,1
DA:112,1
DA:113,1
DA:114,1
DA:118,1
DA:120,0
DA:122,0
DA:123,0
DA:128,1
DA:129,1
DA:130,1
DA:132,0
DA:137,0
DA:138,0
DA:139,0
DA:140,0
DA:142,0
DA:147,0
DA:148,0
DA:149,0
DA:150,0
DA:151,0
DA:152,0
DA:155,0
DA:160,0
DA:161,0
DA:162,0
DA:163,0
DA:165,0
LF:79
LH:38
BRDA:13,0,0,2
BRDA:13,0,1,0
BRDA:51,1,0,2
BRDA:51,1,1,0
BRDA:56,2,0,2
BRDA:56,2,1,0
BRDA:89,3,0,1
BRDA:89,3,1,0
BRDA:112,4,0,1
BRDA:112,4,1,0
BRDA:150,5,0,0
BRDA:150,5,1,0
BRF:12
BRH:5
end_of_record
TN:
SF:src/utils/textAnalysis.ts
FN:48,(anonymous_0)
FN:50,(anonymous_1)
FN:53,(anonymous_2)
FN:55,(anonymous_3)
FN:56,(anonymous_4)
FN:59,(anonymous_5)
FN:72,(anonymous_6)
FN:86,(anonymous_7)
FN:104,(anonymous_8)
FN:112,(anonymous_9)
FN:122,(anonymous_10)
FN:124,(anonymous_11)
FNF:12
FNH:0
FNDA:0,(anonymous_0)
FNDA:0,(anonymous_1)
FNDA:0,(anonymous_2)
FNDA:0,(anonymous_3)
FNDA:0,(anonymous_4)
FNDA:0,(anonymous_5)
FNDA:0,(anonymous_6)
FNDA:0,(anonymous_7)
FNDA:0,(anonymous_8)
FNDA:0,(anonymous_9)
FNDA:0,(anonymous_10)
FNDA:0,(anonymous_11)
DA:6,1
DA:19,1
DA:26,1
DA:37,1
DA:49,0
DA:50,0
DA:54,0
DA:55,0
DA:56,0
DA:60,0
DA:61,0
DA:69,0
DA:73,0
DA:74,0
DA:76,0
DA:87,0
DA:88,0
DA:89,0
DA:90,0
DA:91,0
DA:92,0
DA:93,0
DA:94,0
DA:101,0
DA:105,0
DA:106,0
DA:107,0
DA:108,0
DA:109,0
DA:113,0
DA:119,0
DA:123,0
DA:124,0
LF:33
LH:4
BRDA:55,0,0,0
BRDA:55,0,1,0
BRDA:60,1,0,0
BRDA:60,1,1,0
BRDA:74,2,0,0
BRDA:74,2,1,0
BRDA:89,3,0,0
BRDA:89,3,1,0
BRDA:93,4,0,0
BRDA:93,4,1,0
BRDA:106,5,0,0
BRDA:106,5,1,0
BRDA:106,6,0,0
BRDA:106,6,1,0
BRDA:106,6,2,0
BRDA:107,7,0,0
BRDA:107,7,1,0
BRDA:107,8,0,0
BRDA:107,8,1,0
BRDA:108,9,0,0
BRDA:108,9,1,0
BRDA:108,10,0,0
BRDA:108,10,1,0
BRF:23
BRH:0
end_of_record
