TN:
SF:src/serviceWorkerRegistration.ts
FN:2,register
FN:4,(anonymous_1)
FN:9,(anonymous_2)
FN:13,(anonymous_3)
FN:17,(anonymous_4)
FN:23,(anonymous_5)
FN:41,(anonymous_6)
FN:48,unregister
FN:51,(anonymous_8)
FN:54,(anonymous_9)
FNF:10
FNH:0
FNDA:0,register
FNDA:0,(anonymous_1)
FNDA:0,(anonymous_2)
FNDA:0,(anonymous_3)
FNDA:0,(anonymous_4)
FNDA:0,(anonymous_5)
FNDA:0,(anonymous_6)
FNDA:0,unregister
FNDA:0,(anonymous_8)
FNDA:0,(anonymous_9)
DA:3,0
DA:4,0
DA:5,0
DA:7,0
DA:10,0
DA:13,0
DA:14,0
DA:17,0
DA:18,0
DA:19,0
DA:20,0
DA:23,0
DA:24,0
DA:25,0
DA:27,0
DA:30,0
DA:31,0
DA:35,0
DA:42,0
DA:49,0
DA:50,0
DA:52,0
DA:55,0
LF:23
LH:0
BRDA:3,0,0,0
BRDA:3,0,1,0
BRDA:19,1,0,0
BRDA:19,1,1,0
BRDA:24,2,0,0
BRDA:24,2,1,0
BRDA:25,3,0,0
BRDA:25,3,1,0
BRDA:30,4,0,0
BRDA:30,4,1,0
BRDA:49,5,0,0
BRDA:49,5,1,0
BRF:12
BRH:0
end_of_record
TN:
SF:src/components/CustomTabNavigator.tsx
FN:7,(anonymous_0)
FN:39,(anonymous_1)
FN:46,(anonymous_2)
FNF:3
FNH:0
FNDA:0,(anonymous_0)
FNDA:0,(anonymous_1)
FNDA:0,(anonymous_2)
DA:7,0
DA:8,0
DA:10,0
DA:28,0
DA:30,0
DA:40,0
DA:46,0
DA:62,0
LF:8
LH:0
BRDA:44,0,0,0
BRDA:44,0,1,0
BRDA:51,1,0,0
BRDA:51,1,1,0
BRF:4
BRH:0
end_of_record
TN:
SF:src/components/EditModal.tsx
FN:29,(anonymous_0)
FN:30,(anonymous_1)
FN:37,(anonymous_2)
FN:53,(anonymous_3)
FN:76,(anonymous_4)
FN:85,(anonymous_5)
FN:94,(anonymous_6)
FN:113,(anonymous_7)
FN:123,(anonymous_8)
FN:158,(anonymous_9)
FN:211,(anonymous_10)
FN:235,(anonymous_11)
FN:249,(anonymous_12)
FN:273,(anonymous_13)
FN:327,(anonymous_14)
FN:359,(anonymous_15)
FNF:16
FNH:4
FNDA:0,(anonymous_0)
FNDA:0,(anonymous_1)
FNDA:13,(anonymous_2)
FNDA:7,(anonymous_3)
FNDA:1,(anonymous_4)
FNDA:0,(anonymous_5)
FNDA:0,(anonymous_6)
FNDA:0,(anonymous_7)
FNDA:0,(anonymous_8)
FNDA:0,(anonymous_9)
FNDA:0,(anonymous_10)
FNDA:0,(anonymous_11)
FNDA:0,(anonymous_12)
FNDA:0,(anonymous_13)
FNDA:0,(anonymous_14)
FNDA:5,(anonymous_15)
DA:28,1
DA:30,0
DA:31,0
DA:32,0
DA:37,1
DA:45,13
DA:46,13
DA:47,13
DA:48,13
DA:49,13
DA:50,13
DA:53,13
DA:54,7
DA:55,5
DA:56,5
DA:59,5
DA:60,1
DA:61,1
DA:63,4
DA:64,4
DA:68,5
DA:69,1
DA:71,4
DA:76,13
DA:77,1
DA:78,1
DA:79,1
DA:80,1
DA:81,1
DA:82,1
DA:85,13
DA:86,0
DA:87,0
DA:89,0
DA:90,0
DA:94,13
DA:95,0
DA:98,0
DA:99,0
DA:100,0
DA:101,0
DA:103,0
DA:104,0
DA:105,0
DA:106,0
DA:110,0
DA:112,0
DA:113,0
DA:114,0
DA:118,0
DA:121,0
DA:122,0
DA:123,0
DA:125,0
DA:126,0
DA:127,0
DA:128,0
DA:134,0
DA:136,0
DA:137,0
DA:138,0
DA:147,0
DA:153,0
DA:154,0
DA:155,0
DA:157,0
DA:158,0
DA:160,0
DA:161,0
DA:167,0
DA:177,0
DA:181,0
DA:182,0
DA:184,0
DA:185,0
DA:189,13
DA:191,5
DA:193,5
DA:211,0
DA:236,0
DA:237,0
DA:238,0
DA:250,0
DA:251,0
DA:252,0
DA:254,0
DA:255,0
DA:256,0
DA:257,0
DA:259,0
DA:260,0
DA:262,0
DA:274,0
DA:275,0
DA:276,0
DA:277,0
DA:278,0
DA:280,0
DA:328,0
DA:329,0
DA:359,5
LF:101
LH:33
BRDA:31,0,0,0
BRDA:31,0,1,0
BRDA:54,1,0,5
BRDA:54,1,1,2
BRDA:59,2,0,1
BRDA:59,2,1,4
BRDA:59,3,0,5
BRDA:59,3,1,1
BRDA:61,4,0,1
BRDA:61,4,1,0
BRDA:68,5,0,1
BRDA:68,5,1,4
BRDA:68,6,0,5
BRDA:68,6,1,1
BRDA:69,7,0,0
BRDA:69,7,1,1
BRDA:86,8,0,0
BRDA:86,8,1,0
BRDA:86,9,0,0
BRDA:86,9,1,0
BRDA:89,10,0,0
BRDA:89,10,1,0
BRDA:89,11,0,0
BRDA:89,11,1,0
BRDA:95,12,0,0
BRDA:95,12,1,0
BRDA:95,13,0,0
BRDA:95,13,1,0
BRDA:98,14,0,0
BRDA:98,14,1,0
BRDA:99,15,0,0
BRDA:99,15,1,0
BRDA:99,16,0,0
BRDA:99,16,1,0
BRDA:104,17,0,0
BRDA:104,17,1,0
BRDA:104,18,0,0
BRDA:104,18,1,0
BRDA:114,19,0,0
BRDA:114,19,1,0
BRDA:121,20,0,0
BRDA:121,20,1,0
BRDA:125,21,0,0
BRDA:125,21,1,0
BRDA:125,22,0,0
BRDA:125,22,1,0
BRDA:127,23,0,0
BRDA:127,23,1,0
BRDA:127,24,0,0
BRDA:127,24,1,0
BRDA:130,25,0,0
BRDA:130,25,1,0
BRDA:134,26,0,0
BRDA:134,26,1,0
BRDA:134,27,0,0
BRDA:134,27,1,0
BRDA:137,28,0,0
BRDA:137,28,1,0
BRDA:137,29,0,0
BRDA:137,29,1,0
BRDA:143,30,0,0
BRDA:143,30,1,0
BRDA:153,31,0,0
BRDA:153,31,1,0
BRDA:155,32,0,0
BRDA:155,32,1,0
BRDA:155,32,2,0
BRDA:160,33,0,0
BRDA:160,33,1,0
BRDA:189,34,0,8
BRDA:189,34,1,5
BRDA:209,35,0,5
BRDA:209,35,1,0
BRDA:214,36,0,0
BRDA:214,36,1,5
BRDA:233,37,0,5
BRDA:233,37,1,3
BRDA:236,38,0,0
BRDA:236,38,1,0
BRDA:247,39,0,5
BRDA:247,39,1,1
BRDA:250,40,0,0
BRDA:250,40,1,0
BRDA:251,41,0,0
BRDA:251,41,1,0
BRDA:255,42,0,0
BRDA:255,42,1,0
BRDA:257,43,0,0
BRDA:257,43,1,0
BRDA:271,44,0,5
BRDA:271,44,1,1
BRDA:274,45,0,0
BRDA:274,45,1,0
BRDA:275,46,0,0
BRDA:275,46,1,0
BRDA:288,47,0,5
BRDA:288,47,1,1
BRDA:311,48,0,5
BRDA:311,48,1,1
BRDA:315,49,0,1
BRDA:315,49,1,0
BRDA:328,50,0,0
BRDA:328,50,1,0
BRDA:332,51,0,0
BRDA:332,51,1,0
BRF:105
BRH:27
end_of_record
TN:
SF:src/components/MessageBubble.tsx
FN:21,(anonymous_0)
FN:37,(anonymous_1)
FN:38,(anonymous_2)
FN:41,(anonymous_3)
FN:47,(anonymous_4)
FN:64,(anonymous_5)
FN:81,(anonymous_6)
FN:92,(anonymous_7)
FN:111,(anonymous_8)
FN:119,(anonymous_9)
FN:124,(anonymous_10)
FN:135,(anonymous_11)
FN:149,(anonymous_12)
FN:158,(anonymous_13)
FN:170,(anonymous_14)
FN:230,(anonymous_15)
FN:231,(anonymous_16)
FN:236,(anonymous_17)
FN:250,(anonymous_18)
FN:267,(anonymous_19)
FNF:20
FNH:6
FNDA:9,(anonymous_0)
FNDA:0,(anonymous_1)
FNDA:0,(anonymous_2)
FNDA:0,(anonymous_3)
FNDA:0,(anonymous_4)
FNDA:9,(anonymous_5)
FNDA:9,(anonymous_6)
FNDA:0,(anonymous_7)
FNDA:0,(anonymous_8)
FNDA:0,(anonymous_9)
FNDA:0,(anonymous_10)
FNDA:9,(anonymous_11)
FNDA:0,(anonymous_12)
FNDA:0,(anonymous_13)
FNDA:0,(anonymous_14)
FNDA:0,(anonymous_15)
FNDA:0,(anonymous_16)
FNDA:1,(anonymous_17)
FNDA:0,(anonymous_18)
FNDA:44,(anonymous_19)
DA:21,1
DA:30,9
DA:31,9
DA:32,9
DA:33,9
DA:36,9
DA:37,0
DA:39,0
DA:43,0
DA:44,0
DA:48,0
DA:50,0
DA:56,0
DA:64,9
DA:65,9
DA:66,9
DA:67,9
DA:69,9
DA:71,2
DA:73,2
DA:75,1
DA:77,4
DA:81,9
DA:82,9
DA:84,2
DA:86,2
DA:88,5
DA:92,9
DA:93,0
DA:95,0
DA:96,0
DA:97,0
DA:99,0
DA:101,0
DA:102,0
DA:103,0
DA:105,0
DA:107,0
DA:111,9
DA:112,0
DA:113,0
DA:119,0
DA:124,0
DA:135,9
DA:136,9
DA:137,9
DA:149,0
DA:159,0
DA:160,0
DA:161,0
DA:162,0
DA:165,0
DA:170,0
DA:207,9
DA:218,9
DA:230,0
DA:231,0
DA:237,1
DA:251,0
DA:252,0
DA:267,44
LF:61
LH:29
BRDA:37,0,0,0
BRDA:37,0,1,0
BRDA:39,1,0,0
BRDA:39,1,1,0
BRDA:39,1,2,0
BRDA:43,2,0,0
BRDA:43,2,1,0
BRDA:48,3,0,0
BRDA:48,3,1,0
BRDA:67,4,0,1
BRDA:67,4,1,8
BRDA:69,5,0,2
BRDA:69,5,1,2
BRDA:69,5,2,1
BRDA:69,5,3,4
BRDA:82,6,0,2
BRDA:82,6,1,2
BRDA:82,6,2,5
BRDA:93,7,0,0
BRDA:93,7,1,0
BRDA:93,7,2,0
BRDA:95,8,0,0
BRDA:95,8,1,0
BRDA:96,9,0,0
BRDA:96,9,1,0
BRDA:101,10,0,0
BRDA:101,10,1,0
BRDA:102,11,0,0
BRDA:102,11,1,0
BRDA:112,12,0,0
BRDA:112,12,1,0
BRDA:144,13,0,9
BRDA:144,13,1,8
BRDA:144,13,2,0
BRDA:144,13,3,0
BRDA:146,14,0,0
BRDA:146,14,1,0
BRDA:155,15,0,0
BRDA:155,15,1,0
BRDA:160,16,0,0
BRDA:160,16,1,0
BRDA:161,17,0,0
BRDA:161,17,1,0
BRDA:183,18,0,9
BRDA:183,18,1,8
BRDA:183,18,2,8
BRDA:186,19,0,1
BRDA:186,19,1,8
BRDA:192,20,0,1
BRDA:192,20,1,7
BRDA:194,21,0,3
BRDA:194,21,1,4
BRDA:207,22,0,0
BRDA:207,22,1,9
BRDA:219,23,0,1
BRDA:219,23,1,8
BRDA:229,24,0,0
BRDA:229,24,1,9
BRDA:229,25,0,9
BRDA:229,25,1,0
BRDA:236,26,0,8
BRDA:236,26,1,1
BRDA:237,27,0,0
BRDA:237,27,1,1
BRDA:240,28,0,9
BRDA:240,28,1,0
BRDA:247,29,0,9
BRDA:247,29,1,9
BRDA:247,29,2,8
BRDA:251,30,0,0
BRDA:251,30,1,0
BRDA:307,31,0,0
BRDA:307,31,1,44
BRDA:396,32,0,0
BRDA:396,32,1,44
BRF:75
BRH:34
end_of_record
TN:
SF:src/components/MinimalEntryItem.tsx
FN:19,(anonymous_0)
FN:34,(anonymous_1)
FN:35,(anonymous_2)
FN:38,(anonymous_3)
FN:44,(anonymous_4)
FN:73,(anonymous_5)
FN:79,(anonymous_6)
FN:86,(anonymous_7)
FN:87,(anonymous_8)
FN:110,(anonymous_9)
FN:116,(anonymous_10)
FN:127,(anonymous_11)
FN:145,(anonymous_12)
FNF:13
FNH:1
FNDA:4,(anonymous_0)
FNDA:0,(anonymous_1)
FNDA:0,(anonymous_2)
FNDA:0,(anonymous_3)
FNDA:0,(anonymous_4)
FNDA:0,(anonymous_5)
FNDA:0,(anonymous_6)
FNDA:0,(anonymous_7)
FNDA:0,(anonymous_8)
FNDA:0,(anonymous_9)
FNDA:0,(anonymous_10)
FNDA:0,(anonymous_11)
FNDA:0,(anonymous_12)
DA:19,1
DA:28,4
DA:29,4
DA:30,4
DA:33,4
DA:34,0
DA:36,0
DA:40,0
DA:41,0
DA:45,0
DA:47,0
DA:53,0
DA:61,4
DA:75,0
DA:76,0
DA:80,0
DA:81,0
DA:86,0
DA:87,0
DA:110,0
DA:117,0
DA:118,0
DA:119,0
DA:122,0
DA:127,0
DA:146,0
DA:147,0
DA:161,1
LF:28
LH:7
BRDA:33,0,0,4
BRDA:33,0,1,0
BRDA:36,1,0,0
BRDA:36,1,1,0
BRDA:40,2,0,0
BRDA:40,2,1,0
BRDA:45,3,0,0
BRDA:45,3,1,0
BRDA:64,4,0,4
BRDA:64,4,1,0
BRDA:67,5,0,4
BRDA:67,5,1,4
BRDA:75,6,0,0
BRDA:75,6,1,0
BRDA:80,7,0,0
BRDA:80,7,1,0
BRDA:80,8,0,0
BRDA:80,8,1,0
BRDA:85,9,0,0
BRDA:85,9,1,4
BRDA:93,10,0,0
BRDA:93,10,1,4
BRDA:99,11,0,4
BRDA:99,11,1,1
BRDA:100,12,0,4
BRDA:100,12,1,0
BRDA:103,13,0,4
BRDA:103,13,1,0
BRDA:106,14,0,4
BRDA:106,14,1,4
BRDA:106,14,2,0
BRDA:117,15,0,0
BRDA:117,15,1,0
BRDA:118,16,0,0
BRDA:118,16,1,0
BRDA:142,17,0,4
BRDA:142,17,1,4
BRDA:142,17,2,4
BRF:38
BRH:15
end_of_record
TN:
SF:src/config/firebase.ts
FNF:0
FNH:0
DA:8,0
DA:19,0
DA:20,0
DA:21,0
DA:24,0
LF:5
LH:0
BRDA:24,0,0,0
BRDA:24,0,1,0
BRF:2
BRH:0
end_of_record
TN:
SF:src/contexts/AuthContext.tsx
FN:40,(anonymous_0)
FN:48,(anonymous_1)
FN:49,(anonymous_2)
FN:50,(anonymous_3)
FN:51,(anonymous_4)
FN:52,(anonymous_5)
FN:62,(anonymous_6)
FN:67,(anonymous_7)
FN:68,(anonymous_8)
FN:88,(anonymous_9)
FN:119,(anonymous_10)
FN:147,(anonymous_11)
FN:158,(anonymous_12)
FN:209,(anonymous_13)
FNF:14
FNH:0
FNDA:0,(anonymous_0)
FNDA:0,(anonymous_1)
FNDA:0,(anonymous_2)
FNDA:0,(anonymous_3)
FNDA:0,(anonymous_4)
FNDA:0,(anonymous_5)
FNDA:0,(anonymous_6)
FNDA:0,(anonymous_7)
FNDA:0,(anonymous_8)
FNDA:0,(anonymous_9)
FNDA:0,(anonymous_10)
FNDA:0,(anonymous_11)
FNDA:0,(anonymous_12)
FNDA:0,(anonymous_13)
DA:23,0
DA:24,0
DA:25,0
DA:38,0
DA:40,0
DA:41,0
DA:43,0
DA:44,0
DA:48,0
DA:49,0
DA:50,0
DA:51,0
DA:52,0
DA:55,0
DA:62,0
DA:63,0
DA:64,0
DA:65,0
DA:67,0
DA:68,0
DA:69,0
DA:71,0
DA:73,0
DA:74,0
DA:75,0
DA:78,0
DA:79,0
DA:82,0
DA:85,0
DA:88,0
DA:89,0
DA:91,0
DA:92,0
DA:95,0
DA:98,0
DA:99,0
DA:102,0
DA:111,0
DA:112,0
DA:114,0
DA:115,0
DA:119,0
DA:120,0
DA:122,0
DA:123,0
DA:126,0
DA:128,0
DA:129,0
DA:132,0
DA:133,0
DA:136,0
DA:139,0
DA:140,0
DA:142,0
DA:143,0
DA:147,0
DA:148,0
DA:149,0
DA:150,0
DA:151,0
DA:153,0
DA:154,0
DA:158,0
DA:159,0
DA:161,0
DA:163,0
DA:165,0
DA:168,0
DA:169,0
DA:170,0
DA:173,0
DA:174,0
DA:176,0
DA:178,0
DA:179,0
DA:180,0
DA:182,0
DA:191,0
DA:192,0
DA:195,0
DA:196,0
DA:197,0
DA:198,0
DA:200,0
DA:201,0
DA:204,0
DA:205,0
DA:209,0
DA:210,0
DA:211,0
DA:213,0
DA:214,0
DA:218,0
DA:229,0
LF:94
LH:0
BRDA:43,0,0,0
BRDA:43,0,1,0
BRDA:71,1,0,0
BRDA:71,1,1,0
BRDA:74,2,0,0
BRDA:74,2,1,0
BRDA:115,3,0,0
BRDA:115,3,1,0
BRDA:128,4,0,0
BRDA:128,4,1,0
BRDA:143,5,0,0
BRDA:143,5,1,0
BRDA:154,6,0,0
BRDA:154,6,1,0
BRDA:161,7,0,0
BRDA:161,7,1,0
BRDA:163,8,0,0
BRDA:163,8,1,0
BRDA:176,9,0,0
BRDA:176,9,1,0
BRDA:205,10,0,0
BRDA:205,10,1,0
BRDA:214,11,0,0
BRDA:214,11,1,0
BRF:24
BRH:0
end_of_record
TN:
SF:src/contexts/ThemeContext.tsx
FN:79,(anonymous_0)
FN:83,(anonymous_1)
FN:87,(anonymous_2)
FN:98,(anonymous_3)
FN:114,(anonymous_4)
FN:132,(anonymous_5)
FNF:6
FNH:5
FNDA:24,(anonymous_0)
FNDA:24,(anonymous_1)
FNDA:24,(anonymous_2)
FNDA:0,(anonymous_3)
FNDA:24,(anonymous_4)
FNDA:25,(anonymous_5)
DA:28,4
DA:49,4
DA:77,4
DA:79,4
DA:80,24
DA:81,24
DA:83,24
DA:84,24
DA:87,24
DA:88,24
DA:89,24
DA:90,17
DA:91,0
DA:94,7
DA:98,24
DA:99,0
DA:100,0
DA:101,0
DA:102,0
DA:110,0
DA:114,24
DA:115,24
DA:116,24
DA:118,0
DA:121,24
DA:122,24
DA:123,24
DA:125,24
DA:132,4
DA:133,25
DA:134,25
DA:135,0
DA:137,25
LF:33
LH:25
BRDA:90,0,0,0
BRDA:90,0,1,17
BRDA:103,1,0,0
BRDA:103,1,1,0
BRDA:104,2,0,0
BRDA:104,2,1,0
BRDA:105,3,0,0
BRDA:105,3,1,0
BRDA:106,4,0,0
BRDA:106,4,1,0
BRDA:115,5,0,24
BRDA:115,5,1,0
BRDA:116,6,0,0
BRDA:116,6,1,24
BRDA:123,7,0,0
BRDA:123,7,1,24
BRDA:134,8,0,0
BRDA:134,8,1,25
BRF:18
BRH:5
end_of_record
TN:
SF:src/screens/ActionItemsScreen.tsx
FN:33,(anonymous_0)
FN:47,(anonymous_1)
FN:93,(anonymous_2)
FN:101,(anonymous_3)
FN:113,(anonymous_4)
FN:121,(anonymous_5)
FN:129,(anonymous_6)
FN:135,(anonymous_7)
FN:140,(anonymous_8)
FN:152,(anonymous_9)
FN:176,(anonymous_10)
FN:188,(anonymous_11)
FN:194,(anonymous_12)
FN:202,(anonymous_13)
FN:203,(anonymous_14)
FN:215,(anonymous_15)
FN:216,(anonymous_16)
FN:218,(anonymous_17)
FN:223,(anonymous_18)
FN:224,(anonymous_19)
FN:230,(anonymous_20)
FN:231,(anonymous_21)
FN:235,(anonymous_22)
FN:240,(anonymous_23)
FN:246,(anonymous_24)
FN:255,(anonymous_25)
FN:255,(anonymous_26)
FN:262,(anonymous_27)
FN:282,(anonymous_28)
FN:287,(anonymous_29)
FN:292,(anonymous_30)
FN:293,(anonymous_31)
FN:311,(anonymous_32)
FN:317,(anonymous_33)
FN:323,(anonymous_34)
FN:347,(anonymous_35)
FN:357,(anonymous_36)
FN:359,(anonymous_37)
FN:369,(anonymous_38)
FNF:39
FNH:0
FNDA:0,(anonymous_0)
FNDA:0,(anonymous_1)
FNDA:0,(anonymous_2)
FNDA:0,(anonymous_3)
FNDA:0,(anonymous_4)
FNDA:0,(anonymous_5)
FNDA:0,(anonymous_6)
FNDA:0,(anonymous_7)
FNDA:0,(anonymous_8)
FNDA:0,(anonymous_9)
FNDA:0,(anonymous_10)
FNDA:0,(anonymous_11)
FNDA:0,(anonymous_12)
FNDA:0,(anonymous_13)
FNDA:0,(anonymous_14)
FNDA:0,(anonymous_15)
FNDA:0,(anonymous_16)
FNDA:0,(anonymous_17)
FNDA:0,(anonymous_18)
FNDA:0,(anonymous_19)
FNDA:0,(anonymous_20)
FNDA:0,(anonymous_21)
FNDA:0,(anonymous_22)
FNDA:0,(anonymous_23)
FNDA:0,(anonymous_24)
FNDA:0,(anonymous_25)
FNDA:0,(anonymous_26)
FNDA:0,(anonymous_27)
FNDA:0,(anonymous_28)
FNDA:0,(anonymous_29)
FNDA:0,(anonymous_30)
FNDA:0,(anonymous_31)
FNDA:0,(anonymous_32)
FNDA:0,(anonymous_33)
FNDA:0,(anonymous_34)
FNDA:0,(anonymous_35)
FNDA:0,(anonymous_36)
FNDA:0,(anonymous_37)
FNDA:0,(anonymous_38)
DA:33,0
DA:43,0
DA:47,0
DA:93,0
DA:101,0
DA:113,0
DA:114,0
DA:115,0
DA:116,0
DA:117,0
DA:118,0
DA:119,0
DA:121,0
DA:122,0
DA:123,0
DA:124,0
DA:125,0
DA:129,0
DA:130,0
DA:134,0
DA:136,0
DA:140,0
DA:141,0
DA:143,0
DA:145,0
DA:147,0
DA:152,0
DA:153,0
DA:155,0
DA:157,0
DA:158,0
DA:160,0
DA:161,0
DA:163,0
DA:164,0
DA:166,0
DA:167,0
DA:169,0
DA:170,0
DA:171,0
DA:172,0
DA:173,0
DA:176,0
DA:177,0
DA:178,0
DA:179,0
DA:180,0
DA:181,0
DA:182,0
DA:183,0
DA:184,0
DA:188,0
DA:189,0
DA:190,0
DA:194,0
DA:195,0
DA:196,0
DA:197,0
DA:198,0
DA:202,0
DA:203,0
DA:204,0
DA:205,0
DA:207,0
DA:208,0
DA:213,0
DA:214,0
DA:215,0
DA:217,0
DA:218,0
DA:219,0
DA:223,0
DA:224,0
DA:225,0
DA:227,0
DA:228,0
DA:230,0
DA:231,0
DA:235,0
DA:236,0
DA:237,0
DA:240,0
DA:241,0
DA:242,0
DA:243,0
DA:246,0
DA:248,0
DA:252,0
DA:253,0
DA:254,0
DA:255,0
DA:257,0
DA:262,0
DA:263,0
DA:264,0
DA:270,0
DA:282,0
DA:287,0
DA:292,0
DA:293,0
DA:295,0
DA:297,0
DA:311,0
DA:317,0
DA:323,0
DA:348,0
DA:357,0
DA:360,0
DA:361,0
DA:369,0
LF:110
LH:0
BRDA:44,0,0,0
BRDA:44,0,1,0
BRDA:51,1,0,0
BRDA:51,1,1,0
BRDA:53,2,0,0
BRDA:53,2,1,0
BRDA:59,3,0,0
BRDA:59,3,1,0
BRDA:60,4,0,0
BRDA:60,4,1,0
BRDA:68,5,0,0
BRDA:68,5,1,0
BRDA:68,5,2,0
BRDA:69,6,0,0
BRDA:69,6,1,0
BRDA:79,7,0,0
BRDA:79,7,1,0
BRDA:82,8,0,0
BRDA:82,8,1,0
BRDA:83,9,0,0
BRDA:83,9,1,0
BRDA:83,9,2,0
BRDA:86,10,0,0
BRDA:86,10,1,0
BRDA:86,10,2,0
BRDA:141,11,0,0
BRDA:141,11,1,0
BRDA:141,11,2,0
BRDA:153,12,0,0
BRDA:153,12,1,0
BRDA:155,13,0,0
BRDA:155,13,1,0
BRDA:169,14,0,0
BRDA:169,14,1,0
BRDA:170,15,0,0
BRDA:170,15,1,0
BRDA:171,16,0,0
BRDA:171,16,1,0
BRDA:172,17,0,0
BRDA:172,17,1,0
BRDA:177,18,0,0
BRDA:177,18,1,0
BRDA:177,18,2,0
BRDA:177,18,3,0
BRDA:177,18,4,0
BRDA:177,18,5,0
BRDA:177,18,6,0
BRDA:196,19,0,0
BRDA:196,19,1,0
BRDA:204,20,0,0
BRDA:204,20,1,0
BRDA:204,21,0,0
BRDA:204,21,1,0
BRDA:207,22,0,0
BRDA:207,22,1,0
BRDA:207,23,0,0
BRDA:207,23,1,0
BRDA:225,24,0,0
BRDA:225,24,1,0
BRDA:231,25,0,0
BRDA:231,25,1,0
BRDA:248,26,0,0
BRDA:248,26,1,0
BRDA:252,27,0,0
BRDA:252,27,1,0
BRDA:263,28,0,0
BRDA:263,28,1,0
BRDA:284,29,0,0
BRDA:284,29,1,0
BRDA:289,30,0,0
BRDA:289,30,1,0
BRDA:329,31,0,0
BRDA:329,31,1,0
BRDA:333,32,0,0
BRDA:333,32,1,0
BRDA:335,33,0,0
BRDA:335,33,1,0
BRDA:348,34,0,0
BRDA:348,34,1,0
BRDA:357,35,0,0
BRDA:357,35,1,0
BRDA:357,36,0,0
BRDA:357,36,1,0
BRF:83
BRH:0
end_of_record
TN:
SF:src/screens/AnalyticsScreen.tsx
FN:40,(anonymous_0)
FN:47,(anonymous_1)
FN:61,(anonymous_2)
FN:65,(anonymous_3)
FN:66,(anonymous_4)
FN:67,(anonymous_5)
FN:75,(anonymous_6)
FN:76,(anonymous_7)
FN:82,(anonymous_8)
FN:86,(anonymous_9)
FN:86,(anonymous_10)
FN:92,(anonymous_11)
FN:98,(anonymous_12)
FN:103,(anonymous_13)
FN:111,(anonymous_14)
FN:120,(anonymous_15)
FN:121,(anonymous_16)
FN:131,(anonymous_17)
FN:133,(anonymous_18)
FN:135,(anonymous_19)
FN:150,(anonymous_20)
FN:151,(anonymous_21)
FN:169,(anonymous_22)
FN:191,(anonymous_23)
FN:198,(anonymous_24)
FN:235,(anonymous_25)
FN:254,(anonymous_26)
FN:282,(anonymous_27)
FN:284,(anonymous_28)
FN:285,(anonymous_29)
FN:286,(anonymous_30)
FN:363,(anonymous_31)
FNF:32
FNH:0
FNDA:0,(anonymous_0)
FNDA:0,(anonymous_1)
FNDA:0,(anonymous_2)
FNDA:0,(anonymous_3)
FNDA:0,(anonymous_4)
FNDA:0,(anonymous_5)
FNDA:0,(anonymous_6)
FNDA:0,(anonymous_7)
FNDA:0,(anonymous_8)
FNDA:0,(anonymous_9)
FNDA:0,(anonymous_10)
FNDA:0,(anonymous_11)
FNDA:0,(anonymous_12)
FNDA:0,(anonymous_13)
FNDA:0,(anonymous_14)
FNDA:0,(anonymous_15)
FNDA:0,(anonymous_16)
FNDA:0,(anonymous_17)
FNDA:0,(anonymous_18)
FNDA:0,(anonymous_19)
FNDA:0,(anonymous_20)
FNDA:0,(anonymous_21)
FNDA:0,(anonymous_22)
FNDA:0,(anonymous_23)
FNDA:0,(anonymous_24)
FNDA:0,(anonymous_25)
FNDA:0,(anonymous_26)
FNDA:0,(anonymous_27)
FNDA:0,(anonymous_28)
FNDA:0,(anonymous_29)
FNDA:0,(anonymous_30)
FNDA:0,(anonymous_31)
DA:40,0
DA:41,0
DA:42,0
DA:43,0
DA:44,0
DA:45,0
DA:47,0
DA:48,0
DA:49,0
DA:50,0
DA:56,0
DA:57,0
DA:58,0
DA:61,0
DA:62,0
DA:64,0
DA:65,0
DA:66,0
DA:67,0
DA:71,0
DA:74,0
DA:75,0
DA:76,0
DA:79,0
DA:80,0
DA:82,0
DA:83,0
DA:86,0
DA:87,0
DA:91,0
DA:92,0
DA:93,0
DA:94,0
DA:97,0
DA:98,0
DA:99,0
DA:100,0
DA:103,0
DA:104,0
DA:106,0
DA:110,0
DA:111,0
DA:112,0
DA:113,0
DA:114,0
DA:116,0
DA:119,0
DA:120,0
DA:121,0
DA:125,0
DA:126,0
DA:127,0
DA:128,0
DA:129,0
DA:131,0
DA:132,0
DA:133,0
DA:134,0
DA:135,0
DA:136,0
DA:138,0
DA:146,0
DA:150,0
DA:151,0
DA:162,0
DA:164,0
DA:168,0
DA:170,0
DA:174,0
DA:175,0
DA:182,0
DA:192,0
DA:198,0
DA:236,0
DA:255,0
DA:284,0
DA:285,0
DA:286,0
DA:287,0
DA:290,0
DA:291,0
DA:292,0
DA:294,0
DA:363,0
LF:84
LH:0
BRDA:62,0,0,0
BRDA:62,0,1,0
BRDA:62,1,0,0
BRDA:62,1,1,0
BRDA:65,2,0,0
BRDA:65,2,1,0
BRDA:66,3,0,0
BRDA:66,3,1,0
BRDA:67,4,0,0
BRDA:67,4,1,0
BRDA:83,5,0,0
BRDA:83,5,1,0
BRDA:87,6,0,0
BRDA:87,6,1,0
BRDA:94,7,0,0
BRDA:94,7,1,0
BRDA:100,8,0,0
BRDA:100,8,1,0
BRDA:103,9,0,0
BRDA:103,9,1,0
BRDA:104,10,0,0
BRDA:104,10,1,0
BRDA:106,11,0,0
BRDA:106,11,1,0
BRDA:112,12,0,0
BRDA:112,12,1,0
BRDA:113,13,0,0
BRDA:113,13,1,0
BRDA:174,14,0,0
BRDA:174,14,1,0
BRDA:174,15,0,0
BRDA:174,15,1,0
BRDA:196,16,0,0
BRDA:196,16,1,0
BRDA:202,17,0,0
BRDA:202,17,1,0
BRDA:204,18,0,0
BRDA:204,18,1,0
BRDA:233,19,0,0
BRDA:233,19,1,0
BRDA:250,20,0,0
BRDA:250,20,1,0
BRDA:328,21,0,0
BRDA:328,21,1,0
BRDA:335,22,0,0
BRDA:335,22,1,0
BRDA:342,23,0,0
BRDA:342,23,1,0
BRDA:349,24,0,0
BRDA:349,24,1,0
BRDA:349,24,2,0
BRF:51
BRH:0
end_of_record
TN:
SF:src/screens/AuthScreen.tsx
FN:25,(anonymous_0)
FN:39,(anonymous_1)
FN:56,(anonymous_2)
FN:84,(anonymous_3)
FN:105,(anonymous_4)
FN:156,(anonymous_5)
FN:260,(anonymous_6)
FN:299,(anonymous_7)
FN:321,(anonymous_8)
FNF:9
FNH:0
FNDA:0,(anonymous_0)
FNDA:0,(anonymous_1)
FNDA:0,(anonymous_2)
FNDA:0,(anonymous_3)
FNDA:0,(anonymous_4)
FNDA:0,(anonymous_5)
FNDA:0,(anonymous_6)
FNDA:0,(anonymous_7)
FNDA:0,(anonymous_8)
DA:25,0
DA:26,0
DA:27,0
DA:29,0
DA:30,0
DA:31,0
DA:32,0
DA:33,0
DA:34,0
DA:35,0
DA:37,0
DA:39,0
DA:40,0
DA:41,0
DA:42,0
DA:45,0
DA:46,0
DA:47,0
DA:48,0
DA:50,0
DA:52,0
DA:56,0
DA:57,0
DA:58,0
DA:59,0
DA:62,0
DA:63,0
DA:64,0
DA:67,0
DA:68,0
DA:69,0
DA:70,0
DA:73,0
DA:74,0
DA:75,0
DA:76,0
DA:78,0
DA:80,0
DA:84,0
DA:85,0
DA:86,0
DA:87,0
DA:90,0
DA:91,0
DA:92,0
DA:93,0
DA:97,0
DA:99,0
DA:101,0
DA:105,0
DA:106,0
DA:107,0
DA:108,0
DA:109,0
DA:111,0
DA:113,0
DA:117,0
DA:118,0
DA:156,0
DA:167,0
DA:260,0
DA:299,0
DA:321,0
DA:322,0
LF:64
LH:0
BRDA:40,0,0,0
BRDA:40,0,1,0
BRDA:40,1,0,0
BRDA:40,1,1,0
BRDA:57,2,0,0
BRDA:57,2,1,0
BRDA:57,3,0,0
BRDA:57,3,1,0
BRDA:57,3,2,0
BRDA:62,4,0,0
BRDA:62,4,1,0
BRDA:68,5,0,0
BRDA:68,5,1,0
BRDA:85,6,0,0
BRDA:85,6,1,0
BRDA:117,7,0,0
BRDA:117,7,1,0
BRDA:121,8,0,0
BRDA:121,8,1,0
BRDA:147,9,0,0
BRDA:147,9,1,0
BRDA:169,10,0,0
BRDA:169,10,1,0
BRDA:180,11,0,0
BRDA:180,11,1,0
BRDA:194,12,0,0
BRDA:194,12,1,0
BRDA:200,13,0,0
BRDA:200,13,1,0
BRDA:232,14,0,0
BRDA:232,14,1,0
BRDA:245,15,0,0
BRDA:245,15,1,0
BRDA:248,16,0,0
BRDA:248,16,1,0
BRDA:252,17,0,0
BRDA:252,17,1,0
BRDA:257,18,0,0
BRDA:257,18,1,0
BRDA:266,19,0,0
BRDA:266,19,1,0
BRDA:290,20,0,0
BRDA:290,20,1,0
BRDA:302,21,0,0
BRDA:302,21,1,0
BRDA:308,22,0,0
BRDA:308,22,1,0
BRF:47
BRH:0
end_of_record
TN:
SF:src/screens/DevicePairingScreen.tsx
FN:20,(anonymous_0)
FN:38,(anonymous_1)
FN:43,(anonymous_2)
FN:48,(anonymous_3)
FN:53,(anonymous_4)
FN:59,(anonymous_5)
FN:65,(anonymous_6)
FN:68,(anonymous_7)
FN:77,(anonymous_8)
FN:97,(anonymous_9)
FN:117,(anonymous_10)
FN:125,(anonymous_11)
FN:134,(anonymous_12)
FN:142,(anonymous_13)
FN:148,(anonymous_14)
FN:151,(anonymous_15)
FN:160,(anonymous_16)
FN:161,(anonymous_17)
FN:167,(anonymous_18)
FN:185,(anonymous_19)
FN:190,(anonymous_20)
FN:194,(anonymous_21)
FN:201,(anonymous_22)
FN:210,(anonymous_23)
FN:219,(anonymous_24)
FN:241,(anonymous_25)
FN:249,(anonymous_26)
FN:267,(anonymous_27)
FN:287,(anonymous_28)
FN:295,(anonymous_29)
FN:311,(anonymous_30)
FN:319,(anonymous_31)
FN:326,(anonymous_32)
FN:351,(anonymous_33)
FN:439,(anonymous_34)
FN:454,(anonymous_35)
FN:492,(anonymous_36)
FN:498,(anonymous_37)
FN:514,(anonymous_38)
FN:533,(anonymous_39)
FN:542,(anonymous_40)
FN:569,(anonymous_41)
FN:590,(anonymous_42)
FN:611,(anonymous_43)
FN:634,(anonymous_44)
FNF:45
FNH:0
FNDA:0,(anonymous_0)
FNDA:0,(anonymous_1)
FNDA:0,(anonymous_2)
FNDA:0,(anonymous_3)
FNDA:0,(anonymous_4)
FNDA:0,(anonymous_5)
FNDA:0,(anonymous_6)
FNDA:0,(anonymous_7)
FNDA:0,(anonymous_8)
FNDA:0,(anonymous_9)
FNDA:0,(anonymous_10)
FNDA:0,(anonymous_11)
FNDA:0,(anonymous_12)
FNDA:0,(anonymous_13)
FNDA:0,(anonymous_14)
FNDA:0,(anonymous_15)
FNDA:0,(anonymous_16)
FNDA:0,(anonymous_17)
FNDA:0,(anonymous_18)
FNDA:0,(anonymous_19)
FNDA:0,(anonymous_20)
FNDA:0,(anonymous_21)
FNDA:0,(anonymous_22)
FNDA:0,(anonymous_23)
FNDA:0,(anonymous_24)
FNDA:0,(anonymous_25)
FNDA:0,(anonymous_26)
FNDA:0,(anonymous_27)
FNDA:0,(anonymous_28)
FNDA:0,(anonymous_29)
FNDA:0,(anonymous_30)
FNDA:0,(anonymous_31)
FNDA:0,(anonymous_32)
FNDA:0,(anonymous_33)
FNDA:0,(anonymous_34)
FNDA:0,(anonymous_35)
FNDA:0,(anonymous_36)
FNDA:0,(anonymous_37)
FNDA:0,(anonymous_38)
FNDA:0,(anonymous_39)
FNDA:0,(anonymous_40)
FNDA:0,(anonymous_41)
FNDA:0,(anonymous_42)
FNDA:0,(anonymous_43)
FNDA:0,(anonymous_44)
DA:20,0
DA:21,0
DA:22,0
DA:23,0
DA:24,0
DA:25,0
DA:26,0
DA:27,0
DA:28,0
DA:29,0
DA:30,0
DA:31,0
DA:32,0
DA:33,0
DA:34,0
DA:36,0
DA:38,0
DA:39,0
DA:40,0
DA:43,0
DA:44,0
DA:45,0
DA:48,0
DA:49,0
DA:53,0
DA:54,0
DA:55,0
DA:59,0
DA:60,0
DA:65,0
DA:66,0
DA:68,0
DA:69,0
DA:71,0
DA:79,0
DA:80,0
DA:81,0
DA:84,0
DA:87,0
DA:88,0
DA:89,0
DA:92,0
DA:93,0
DA:94,0
DA:95,0
DA:97,0
DA:98,0
DA:99,0
DA:100,0
DA:101,0
DA:102,0
DA:106,0
DA:107,0
DA:108,0
DA:109,0
DA:110,0
DA:112,0
DA:118,0
DA:119,0
DA:125,0
DA:126,0
DA:127,0
DA:130,0
DA:131,0
DA:135,0
DA:136,0
DA:142,0
DA:143,0
DA:144,0
DA:152,0
DA:153,0
DA:154,0
DA:155,0
DA:156,0
DA:160,0
DA:161,0
DA:167,0
DA:168,0
DA:169,0
DA:170,0
DA:172,0
DA:173,0
DA:176,0
DA:178,0
DA:180,0
DA:181,0
DA:185,0
DA:186,0
DA:189,0
DA:190,0
DA:194,0
DA:195,0
DA:198,0
DA:201,0
DA:202,0
DA:204,0
DA:206,0
DA:208,0
DA:209,0
DA:210,0
DA:211,0
DA:212,0
DA:215,0
DA:219,0
DA:226,0
DA:230,0
DA:231,0
DA:233,0
DA:234,0
DA:235,0
DA:237,0
DA:241,0
DA:249,0
DA:251,0
DA:252,0
DA:253,0
DA:256,0
DA:259,0
DA:260,0
DA:261,0
DA:264,0
DA:265,0
DA:267,0
DA:268,0
DA:269,0
DA:270,0
DA:271,0
DA:272,0
DA:276,0
DA:277,0
DA:278,0
DA:279,0
DA:280,0
DA:282,0
DA:288,0
DA:289,0
DA:295,0
DA:296,0
DA:297,0
DA:300,0
DA:303,0
DA:304,0
DA:305,0
DA:308,0
DA:312,0
DA:313,0
DA:319,0
DA:320,0
DA:321,0
DA:326,0
DA:327,0
DA:328,0
DA:329,0
DA:332,0
DA:333,0
DA:334,0
DA:335,0
DA:336,0
DA:338,0
DA:343,0
DA:344,0
DA:346,0
DA:347,0
DA:351,0
DA:352,0
DA:353,0
DA:354,0
DA:356,0
DA:357,0
DA:361,0
DA:362,0
DA:370,0
DA:440,0
DA:454,0
DA:492,0
DA:498,0
DA:515,0
DA:516,0
DA:534,0
DA:535,0
DA:543,0
DA:544,0
DA:570,0
DA:571,0
DA:572,0
DA:590,0
DA:612,0
DA:613,0
DA:634,0
DA:635,0
LF:190
LH:0
BRDA:54,0,0,0
BRDA:54,0,1,0
BRDA:66,1,0,0
BRDA:66,1,1,0
BRDA:66,2,0,0
BRDA:66,2,1,0
BRDA:66,2,2,0
BRDA:79,3,0,0
BRDA:79,3,1,0
BRDA:87,4,0,0
BRDA:87,4,1,0
BRDA:100,5,0,0
BRDA:100,5,1,0
BRDA:202,6,0,0
BRDA:202,6,1,0
BRDA:206,7,0,0
BRDA:206,7,1,0
BRDA:233,8,0,0
BRDA:233,8,1,0
BRDA:251,9,0,0
BRDA:251,9,1,0
BRDA:259,10,0,0
BRDA:259,10,1,0
BRDA:270,11,0,0
BRDA:270,11,1,0
BRDA:304,12,0,0
BRDA:304,12,1,0
BRDA:304,13,0,0
BRDA:304,13,1,0
BRDA:327,14,0,0
BRDA:327,14,1,0
BRDA:361,15,0,0
BRDA:361,15,1,0
BRDA:436,16,0,0
BRDA:436,16,1,0
BRDA:446,17,0,0
BRDA:446,17,1,0
BRDA:458,18,0,0
BRDA:458,18,1,0
BRDA:488,19,0,0
BRDA:488,19,1,0
BRDA:488,19,2,0
BRDA:529,20,0,0
BRDA:529,20,1,0
BRDA:529,20,2,0
BRDA:529,20,3,0
BRDA:553,21,0,0
BRDA:553,21,1,0
BRDA:585,22,0,0
BRDA:585,22,1,0
BRF:50
BRH:0
end_of_record
TN:
SF:src/screens/ExpensesScreen.tsx
FN:32,(anonymous_0)
FN:49,(anonymous_1)
FN:57,(anonymous_2)
FN:77,(anonymous_3)
FN:87,(anonymous_4)
FN:90,(anonymous_5)
FN:95,(anonymous_6)
FN:101,(anonymous_7)
FN:106,(anonymous_8)
FN:122,(anonymous_9)
FN:130,(anonymous_10)
FN:135,(anonymous_11)
FN:143,(anonymous_12)
FN:146,(anonymous_13)
FN:156,(anonymous_14)
FN:163,(anonymous_15)
FN:166,(anonymous_16)
FN:169,(anonymous_17)
FN:179,(anonymous_18)
FN:184,(anonymous_19)
FN:187,(anonymous_20)
FN:192,(anonymous_21)
FN:198,(anonymous_22)
FN:207,(anonymous_23)
FN:207,(anonymous_24)
FN:214,(anonymous_25)
FN:224,(anonymous_26)
FN:229,(anonymous_27)
FN:245,(anonymous_28)
FN:258,(anonymous_29)
FN:264,(anonymous_30)
FN:274,(anonymous_31)
FN:280,(anonymous_32)
FN:301,(anonymous_33)
FN:310,(anonymous_34)
FN:326,(anonymous_35)
FN:349,(anonymous_36)
FN:375,(anonymous_37)
FN:377,(anonymous_38)
FN:387,(anonymous_39)
FNF:40
FNH:0
FNDA:0,(anonymous_0)
FNDA:0,(anonymous_1)
FNDA:0,(anonymous_2)
FNDA:0,(anonymous_3)
FNDA:0,(anonymous_4)
FNDA:0,(anonymous_5)
FNDA:0,(anonymous_6)
FNDA:0,(anonymous_7)
FNDA:0,(anonymous_8)
FNDA:0,(anonymous_9)
FNDA:0,(anonymous_10)
FNDA:0,(anonymous_11)
FNDA:0,(anonymous_12)
FNDA:0,(anonymous_13)
FNDA:0,(anonymous_14)
FNDA:0,(anonymous_15)
FNDA:0,(anonymous_16)
FNDA:0,(anonymous_17)
FNDA:0,(anonymous_18)
FNDA:0,(anonymous_19)
FNDA:0,(anonymous_20)
FNDA:0,(anonymous_21)
FNDA:0,(anonymous_22)
FNDA:0,(anonymous_23)
FNDA:0,(anonymous_24)
FNDA:0,(anonymous_25)
FNDA:0,(anonymous_26)
FNDA:0,(anonymous_27)
FNDA:0,(anonymous_28)
FNDA:0,(anonymous_29)
FNDA:0,(anonymous_30)
FNDA:0,(anonymous_31)
FNDA:0,(anonymous_32)
FNDA:0,(anonymous_33)
FNDA:0,(anonymous_34)
FNDA:0,(anonymous_35)
FNDA:0,(anonymous_36)
FNDA:0,(anonymous_37)
FNDA:0,(anonymous_38)
FNDA:0,(anonymous_39)
DA:32,0
DA:35,0
DA:49,0
DA:57,0
DA:77,0
DA:78,0
DA:79,0
DA:80,0
DA:81,0
DA:82,0
DA:83,0
DA:84,0
DA:85,0
DA:87,0
DA:88,0
DA:89,0
DA:90,0
DA:91,0
DA:95,0
DA:96,0
DA:100,0
DA:102,0
DA:106,0
DA:107,0
DA:108,0
DA:109,0
DA:110,0
DA:111,0
DA:113,0
DA:122,0
DA:123,0
DA:124,0
DA:127,0
DA:130,0
DA:131,0
DA:135,0
DA:143,0
DA:144,0
DA:146,0
DA:147,0
DA:148,0
DA:149,0
DA:151,0
DA:152,0
DA:155,0
DA:156,0
DA:163,0
DA:166,0
DA:167,0
DA:169,0
DA:170,0
DA:171,0
DA:172,0
DA:174,0
DA:175,0
DA:178,0
DA:179,0
DA:184,0
DA:187,0
DA:188,0
DA:189,0
DA:192,0
DA:193,0
DA:194,0
DA:195,0
DA:198,0
DA:200,0
DA:204,0
DA:205,0
DA:206,0
DA:207,0
DA:209,0
DA:214,0
DA:215,0
DA:224,0
DA:229,0
DA:234,0
DA:246,0
DA:258,0
DA:264,0
DA:274,0
DA:280,0
DA:301,0
DA:311,0
DA:327,0
DA:349,0
DA:375,0
DA:378,0
DA:379,0
DA:387,0
LF:90
LH:0
BRDA:42,0,0,0
BRDA:42,0,1,0
BRDA:107,1,0,0
BRDA:107,1,1,0
BRDA:123,2,0,0
BRDA:123,2,1,0
BRDA:131,3,0,0
BRDA:131,3,1,0
BRDA:147,4,0,0
BRDA:147,4,1,0
BRDA:148,5,0,0
BRDA:148,5,1,0
BRDA:171,6,0,0
BRDA:171,6,1,0
BRDA:200,7,0,0
BRDA:200,7,1,0
BRDA:204,8,0,0
BRDA:204,8,1,0
BRDA:226,9,0,0
BRDA:226,9,1,0
BRDA:231,10,0,0
BRDA:231,10,1,0
BRDA:239,11,0,0
BRDA:239,11,1,0
BRDA:273,12,0,0
BRDA:273,12,1,0
BRDA:276,13,0,0
BRDA:276,13,1,0
BRDA:279,14,0,0
BRDA:279,14,1,0
BRDA:282,15,0,0
BRDA:282,15,1,0
BRDA:286,16,0,0
BRDA:286,16,1,0
BRDA:290,17,0,0
BRDA:290,17,1,0
BRDA:297,18,0,0
BRDA:297,18,1,0
BRDA:315,19,0,0
BRDA:315,19,1,0
BRDA:334,20,0,0
BRDA:334,20,1,0
BRDA:347,21,0,0
BRDA:347,21,1,0
BRDA:359,22,0,0
BRDA:359,22,1,0
BRDA:375,23,0,0
BRDA:375,23,1,0
BRDA:375,24,0,0
BRDA:375,24,1,0
BRF:50
BRH:0
end_of_record
TN:
SF:src/screens/JournalScreen.tsx
FN:38,(anonymous_0)
FN:43,(anonymous_1)
FN:49,(anonymous_2)
FN:232,(anonymous_3)
FN:237,(anonymous_4)
FN:241,(anonymous_5)
FN:260,(anonymous_6)
FN:264,(anonymous_7)
FN:269,(anonymous_8)
FN:290,(anonymous_9)
FN:303,(anonymous_10)
FN:314,(anonymous_11)
FN:327,(anonymous_12)
FN:345,(anonymous_13)
FN:358,(anonymous_14)
FN:367,(anonymous_15)
FN:372,(anonymous_16)
FN:377,(anonymous_17)
FN:400,(anonymous_18)
FN:408,(anonymous_19)
FN:414,(anonymous_20)
FN:419,(anonymous_21)
FN:424,(anonymous_22)
FN:505,(anonymous_23)
FN:505,(anonymous_24)
FN:515,(anonymous_25)
FN:515,(anonymous_26)
FN:547,(anonymous_27)
FN:552,(anonymous_28)
FN:563,(anonymous_29)
FN:571,(anonymous_30)
FN:575,(anonymous_31)
FN:583,(anonymous_32)
FN:590,(anonymous_33)
FN:597,(anonymous_34)
FN:604,(anonymous_35)
FN:616,(anonymous_36)
FN:634,(anonymous_37)
FN:660,(anonymous_38)
FN:664,(anonymous_39)
FN:669,(anonymous_40)
FN:685,(anonymous_41)
FN:686,(anonymous_42)
FN:690,(anonymous_43)
FN:695,(anonymous_44)
FN:703,(anonymous_45)
FN:737,(anonymous_46)
FN:741,(anonymous_47)
FN:746,(anonymous_48)
FN:751,(anonymous_49)
FN:766,(anonymous_50)
FN:777,(anonymous_51)
FN:782,(anonymous_52)
FN:783,(anonymous_53)
FN:833,(anonymous_54)
FN:876,(anonymous_55)
FN:884,(anonymous_56)
FN:889,(anonymous_57)
FN:911,(anonymous_58)
FN:912,(anonymous_59)
FN:914,(anonymous_60)
FN:915,(anonymous_61)
FN:917,(anonymous_62)
FN:918,(anonymous_63)
FN:958,(anonymous_64)
FN:963,(anonymous_65)
FN:964,(anonymous_66)
FN:977,(anonymous_67)
FN:978,(anonymous_68)
FN:980,(anonymous_69)
FN:981,(anonymous_70)
FN:983,(anonymous_71)
FN:984,(anonymous_72)
FN:1001,(anonymous_73)
FN:1022,(anonymous_74)
FN:1033,(anonymous_75)
FN:1038,(anonymous_76)
FN:1039,(anonymous_77)
FN:1058,(anonymous_78)
FN:1070,(anonymous_79)
FN:1084,(anonymous_80)
FN:1098,(anonymous_81)
FN:1118,(anonymous_82)
FN:1132,(anonymous_83)
FN:1145,(anonymous_84)
FN:1168,(anonymous_85)
FN:1177,(anonymous_86)
FN:1178,(anonymous_87)
FN:1200,(anonymous_88)
FN:1225,(anonymous_89)
FN:1234,(anonymous_90)
FN:1259,(anonymous_91)
FN:1283,(anonymous_92)
FN:1295,(anonymous_93)
FN:1308,(anonymous_94)
FN:1316,(anonymous_95)
FN:1332,(anonymous_96)
FN:1347,(anonymous_97)
FN:1359,(anonymous_98)
FN:1392,(anonymous_99)
FN:1404,(anonymous_100)
FN:1453,(anonymous_101)
FN:1463,(anonymous_102)
FN:1478,(anonymous_103)
FN:1481,(anonymous_104)
FN:1492,(anonymous_105)
FN:1493,(anonymous_106)
FN:1494,(anonymous_107)
FN:1504,(anonymous_108)
FN:1515,(anonymous_109)
FN:1519,(anonymous_110)
FN:1526,(anonymous_111)
FN:1536,(anonymous_112)
FN:1545,(anonymous_113)
FN:1556,(anonymous_114)
FN:1580,(anonymous_115)
FN:1599,(anonymous_116)
FN:1969,(anonymous_117)
FN:2331,(anonymous_118)
FNF:119
FNH:0
FNDA:0,(anonymous_0)
FNDA:0,(anonymous_1)
FNDA:0,(anonymous_2)
FNDA:0,(anonymous_3)
FNDA:0,(anonymous_4)
FNDA:0,(anonymous_5)
FNDA:0,(anonymous_6)
FNDA:0,(anonymous_7)
FNDA:0,(anonymous_8)
FNDA:0,(anonymous_9)
FNDA:0,(anonymous_10)
FNDA:0,(anonymous_11)
FNDA:0,(anonymous_12)
FNDA:0,(anonymous_13)
FNDA:0,(anonymous_14)
FNDA:0,(anonymous_15)
FNDA:0,(anonymous_16)
FNDA:0,(anonymous_17)
FNDA:0,(anonymous_18)
FNDA:0,(anonymous_19)
FNDA:0,(anonymous_20)
FNDA:0,(anonymous_21)
FNDA:0,(anonymous_22)
FNDA:0,(anonymous_23)
FNDA:0,(anonymous_24)
FNDA:0,(anonymous_25)
FNDA:0,(anonymous_26)
FNDA:0,(anonymous_27)
FNDA:0,(anonymous_28)
FNDA:0,(anonymous_29)
FNDA:0,(anonymous_30)
FNDA:0,(anonymous_31)
FNDA:0,(anonymous_32)
FNDA:0,(anonymous_33)
FNDA:0,(anonymous_34)
FNDA:0,(anonymous_35)
FNDA:0,(anonymous_36)
FNDA:0,(anonymous_37)
FNDA:0,(anonymous_38)
FNDA:0,(anonymous_39)
FNDA:0,(anonymous_40)
FNDA:0,(anonymous_41)
FNDA:0,(anonymous_42)
FNDA:0,(anonymous_43)
FNDA:0,(anonymous_44)
FNDA:0,(anonymous_45)
FNDA:0,(anonymous_46)
FNDA:0,(anonymous_47)
FNDA:0,(anonymous_48)
FNDA:0,(anonymous_49)
FNDA:0,(anonymous_50)
FNDA:0,(anonymous_51)
FNDA:0,(anonymous_52)
FNDA:0,(anonymous_53)
FNDA:0,(anonymous_54)
FNDA:0,(anonymous_55)
FNDA:0,(anonymous_56)
FNDA:0,(anonymous_57)
FNDA:0,(anonymous_58)
FNDA:0,(anonymous_59)
FNDA:0,(anonymous_60)
FNDA:0,(anonymous_61)
FNDA:0,(anonymous_62)
FNDA:0,(anonymous_63)
FNDA:0,(anonymous_64)
FNDA:0,(anonymous_65)
FNDA:0,(anonymous_66)
FNDA:0,(anonymous_67)
FNDA:0,(anonymous_68)
FNDA:0,(anonymous_69)
FNDA:0,(anonymous_70)
FNDA:0,(anonymous_71)
FNDA:0,(anonymous_72)
FNDA:0,(anonymous_73)
FNDA:0,(anonymous_74)
FNDA:0,(anonymous_75)
FNDA:0,(anonymous_76)
FNDA:0,(anonymous_77)
FNDA:0,(anonymous_78)
FNDA:0,(anonymous_79)
FNDA:0,(anonymous_80)
FNDA:0,(anonymous_81)
FNDA:0,(anonymous_82)
FNDA:0,(anonymous_83)
FNDA:0,(anonymous_84)
FNDA:0,(anonymous_85)
FNDA:0,(anonymous_86)
FNDA:0,(anonymous_87)
FNDA:0,(anonymous_88)
FNDA:0,(anonymous_89)
FNDA:0,(anonymous_90)
FNDA:0,(anonymous_91)
FNDA:0,(anonymous_92)
FNDA:0,(anonymous_93)
FNDA:0,(anonymous_94)
FNDA:0,(anonymous_95)
FNDA:0,(anonymous_96)
FNDA:0,(anonymous_97)
FNDA:0,(anonymous_98)
FNDA:0,(anonymous_99)
FNDA:0,(anonymous_100)
FNDA:0,(anonymous_101)
FNDA:0,(anonymous_102)
FNDA:0,(anonymous_103)
FNDA:0,(anonymous_104)
FNDA:0,(anonymous_105)
FNDA:0,(anonymous_106)
FNDA:0,(anonymous_107)
FNDA:0,(anonymous_108)
FNDA:0,(anonymous_109)
FNDA:0,(anonymous_110)
FNDA:0,(anonymous_111)
FNDA:0,(anonymous_112)
FNDA:0,(anonymous_113)
FNDA:0,(anonymous_114)
FNDA:0,(anonymous_115)
FNDA:0,(anonymous_116)
FNDA:0,(anonymous_117)
FNDA:0,(anonymous_118)
DA:37,0
DA:40,0
DA:41,0
DA:43,0
DA:44,0
DA:45,0
DA:49,0
DA:50,0
DA:51,0
DA:52,0
DA:54,0
DA:56,0
DA:57,0
DA:58,0
DA:59,0
DA:60,0
DA:61,0
DA:62,0
DA:63,0
DA:64,0
DA:67,0
DA:68,0
DA:69,0
DA:70,0
DA:73,0
DA:74,0
DA:75,0
DA:76,0
DA:77,0
DA:82,0
DA:83,0
DA:86,0
DA:87,0
DA:90,0
DA:93,0
DA:232,0
DA:233,0
DA:236,0
DA:237,0
DA:241,0
DA:243,0
DA:244,0
DA:246,0
DA:247,0
DA:250,0
DA:253,0
DA:254,0
DA:256,0
DA:260,0
DA:261,0
DA:264,0
DA:266,0
DA:267,0
DA:269,0
DA:270,0
DA:273,0
DA:274,0
DA:279,0
DA:282,0
DA:286,0
DA:290,0
DA:291,0
DA:292,0
DA:293,0
DA:296,0
DA:299,0
DA:300,0
DA:301,0
DA:303,0
DA:304,0
DA:305,0
DA:306,0
DA:307,0
DA:312,0
DA:313,0
DA:314,0
DA:315,0
DA:317,0
DA:319,0
DA:320,0
DA:324,0
DA:327,0
DA:328,0
DA:330,0
DA:332,0
DA:334,0
DA:336,0
DA:338,0
DA:341,0
DA:345,0
DA:346,0
DA:347,0
DA:348,0
DA:349,0
DA:350,0
DA:351,0
DA:354,0
DA:358,0
DA:359,0
DA:360,0
DA:366,0
DA:367,0
DA:371,0
DA:372,0
DA:376,0
DA:377,0
DA:378,0
DA:379,0
DA:380,0
DA:382,0
DA:386,0
DA:387,0
DA:388,0
DA:390,0
DA:393,0
DA:395,0
DA:400,0
DA:401,0
DA:402,0
DA:403,0
DA:407,0
DA:409,0
DA:410,0
DA:414,0
DA:415,0
DA:419,0
DA:421,0
DA:424,0
DA:425,0
DA:426,0
DA:428,0
DA:430,0
DA:431,0
DA:432,0
DA:433,0
DA:436,0
DA:445,0
DA:448,0
DA:449,0
DA:450,0
DA:451,0
DA:453,0
DA:454,0
DA:455,0
DA:456,0
DA:458,0
DA:466,0
DA:469,0
DA:471,0
DA:472,0
DA:482,0
DA:483,0
DA:484,0
DA:488,0
DA:489,0
DA:490,0
DA:495,0
DA:496,0
DA:499,0
DA:500,0
DA:501,0
DA:502,0
DA:505,0
DA:506,0
DA:507,0
DA:508,0
DA:509,0
DA:510,0
DA:514,0
DA:515,0
DA:516,0
DA:517,0
DA:518,0
DA:519,0
DA:524,0
DA:525,0
DA:528,0
DA:529,0
DA:536,0
DA:537,0
DA:542,0
DA:543,0
DA:544,0
DA:547,0
DA:548,0
DA:552,0
DA:553,0
DA:554,0
DA:558,0
DA:559,0
DA:563,0
DA:564,0
DA:565,0
DA:567,0
DA:568,0
DA:571,0
DA:572,0
DA:575,0
DA:580,0
DA:581,0
DA:583,0
DA:587,0
DA:588,0
DA:590,0
DA:594,0
DA:595,0
DA:597,0
DA:601,0
DA:604,0
DA:613,0
DA:616,0
DA:617,0
DA:619,0
DA:620,0
DA:621,0
DA:622,0
DA:623,0
DA:625,0
DA:627,0
DA:634,0
DA:635,0
DA:638,0
DA:640,0
DA:642,0
DA:651,0
DA:654,0
DA:655,0
DA:657,0
DA:660,0
DA:661,0
DA:663,0
DA:664,0
DA:665,0
DA:666,0
DA:668,0
DA:669,0
DA:670,0
DA:671,0
DA:676,0
DA:677,0
DA:678,0
DA:680,0
DA:681,0
DA:685,0
DA:686,0
DA:687,0
DA:689,0
DA:690,0
DA:691,0
DA:692,0
DA:694,0
DA:695,0
DA:696,0
DA:697,0
DA:702,0
DA:703,0
DA:704,0
DA:707,0
DA:708,0
DA:710,0
DA:714,0
DA:715,0
DA:716,0
DA:719,0
DA:737,0
DA:738,0
DA:741,0
DA:742,0
DA:743,0
DA:746,0
DA:747,0
DA:749,0
DA:751,0
DA:752,0
DA:755,0
DA:758,0
DA:760,0
DA:761,0
DA:766,0
DA:767,0
DA:768,0
DA:769,0
DA:770,0
DA:772,0
DA:773,0
DA:774,0
DA:775,0
DA:777,0
DA:779,0
DA:781,0
DA:782,0
DA:783,0
DA:785,0
DA:786,0
DA:787,0
DA:789,0
DA:790,0
DA:792,0
DA:793,0
DA:794,0
DA:795,0
DA:798,0
DA:799,0
DA:800,0
DA:803,0
DA:806,0
DA:808,0
DA:809,0
DA:810,0
DA:811,0
DA:812,0
DA:813,0
DA:814,0
DA:815,0
DA:818,0
DA:819,0
DA:820,0
DA:821,0
DA:825,0
DA:828,0
DA:829,0
DA:833,0
DA:834,0
DA:835,0
DA:836,0
DA:837,0
DA:839,0
DA:847,0
DA:849,0
DA:851,0
DA:852,0
DA:853,0
DA:854,0
DA:855,0
DA:856,0
DA:857,0
DA:858,0
DA:861,0
DA:862,0
DA:863,0
DA:864,0
DA:868,0
DA:871,0
DA:872,0
DA:876,0
DA:877,0
DA:878,0
DA:880,0
DA:881,0
DA:882,0
DA:884,0
DA:885,0
DA:886,0
DA:888,0
DA:889,0
DA:890,0
DA:891,0
DA:893,0
DA:894,0
DA:895,0
DA:899,0
DA:903,0
DA:906,0
DA:907,0
DA:908,0
DA:911,0
DA:912,0
DA:914,0
DA:915,0
DA:917,0
DA:918,0
DA:921,0
DA:922,0
DA:923,0
DA:925,0
DA:926,0
DA:927,0
DA:929,0
DA:930,0
DA:933,0
DA:936,0
DA:939,0
DA:944,0
DA:946,0
DA:947,0
DA:948,0
DA:950,0
DA:952,0
DA:953,0
DA:954,0
DA:958,0
DA:959,0
DA:963,0
DA:964,0
DA:969,0
DA:972,0
DA:973,0
DA:974,0
DA:977,0
DA:978,0
DA:980,0
DA:981,0
DA:983,0
DA:984,0
DA:987,0
DA:988,0
DA:989,0
DA:991,0
DA:992,0
DA:993,0
DA:996,0
DA:997,0
DA:1001,0
DA:1002,0
DA:1003,0
DA:1004,0
DA:1005,0
DA:1007,0
DA:1014,0
DA:1015,0
DA:1017,0
DA:1018,0
DA:1022,0
DA:1023,0
DA:1024,0
DA:1026,0
DA:1027,0
DA:1028,0
DA:1031,0
DA:1034,0
DA:1038,0
DA:1039,0
DA:1044,0
DA:1046,0
DA:1047,0
DA:1048,0
DA:1050,0
DA:1051,0
DA:1053,0
DA:1054,0
DA:1058,0
DA:1059,0
DA:1070,0
DA:1071,0
DA:1084,0
DA:1085,0
DA:1098,0
DA:1099,0
DA:1118,0
DA:1119,0
DA:1132,0
DA:1133,0
DA:1145,0
DA:1146,0
DA:1147,0
DA:1148,0
DA:1151,0
DA:1152,0
DA:1153,0
DA:1154,0
DA:1156,0
DA:1159,0
DA:1168,0
DA:1170,0
DA:1171,0
DA:1175,0
DA:1177,0
DA:1178,0
DA:1180,0
DA:1182,0
DA:1184,0
DA:1186,0
DA:1188,0
DA:1191,0
DA:1192,0
DA:1195,0
DA:1200,0
DA:1201,0
DA:1202,0
DA:1204,0
DA:1207,0
DA:1208,0
DA:1209,0
DA:1211,0
DA:1226,0
DA:1235,0
DA:1259,0
DA:1284,0
DA:1285,0
DA:1287,0
DA:1296,0
DA:1297,0
DA:1308,0
DA:1317,0
DA:1318,0
DA:1333,0
DA:1334,0
DA:1348,0
DA:1349,0
DA:1351,0
DA:1361,0
DA:1362,0
DA:1363,0
DA:1364,0
DA:1365,0
DA:1366,0
DA:1367,0
DA:1368,0
DA:1370,0
DA:1378,0
DA:1393,0
DA:1394,0
DA:1405,0
DA:1406,0
DA:1454,0
DA:1456,0
DA:1464,0
DA:1465,0
DA:1479,0
DA:1482,0
DA:1483,0
DA:1492,0
DA:1493,0
DA:1494,0
DA:1504,0
DA:1515,0
DA:1519,0
DA:1526,0
DA:1537,0
DA:1538,0
DA:1546,0
DA:1547,0
DA:1548,0
DA:1549,0
DA:1557,0
DA:1558,0
DA:1559,0
DA:1560,0
DA:1581,0
DA:1582,0
DA:1583,0
DA:1599,0
DA:1969,0
DA:2331,0
LF:544
LH:0
BRDA:44,0,0,0
BRDA:44,0,1,0
BRDA:52,1,0,0
BRDA:52,1,1,0
BRDA:54,2,0,0
BRDA:54,2,1,0
BRDA:244,3,0,0
BRDA:244,3,1,0
BRDA:246,4,0,0
BRDA:246,4,1,0
BRDA:246,5,0,0
BRDA:246,5,1,0
BRDA:247,6,0,0
BRDA:247,6,1,0
BRDA:247,7,0,0
BRDA:247,7,1,0
BRDA:261,8,0,0
BRDA:261,8,1,0
BRDA:273,9,0,0
BRDA:273,9,1,0
BRDA:291,10,0,0
BRDA:291,10,1,0
BRDA:299,11,0,0
BRDA:299,11,1,0
BRDA:304,12,0,0
BRDA:304,12,1,0
BRDA:312,13,0,0
BRDA:312,13,1,0
BRDA:315,14,0,0
BRDA:315,14,1,0
BRDA:317,15,0,0
BRDA:317,15,1,0
BRDA:319,16,0,0
BRDA:319,16,1,0
BRDA:328,17,0,0
BRDA:328,17,1,0
BRDA:328,17,2,0
BRDA:328,17,3,0
BRDA:328,17,4,0
BRDA:328,17,5,0
BRDA:328,17,6,0
BRDA:348,18,0,0
BRDA:348,18,1,0
BRDA:351,19,0,0
BRDA:351,19,1,0
BRDA:378,20,0,0
BRDA:378,20,1,0
BRDA:380,21,0,0
BRDA:380,21,1,0
BRDA:386,22,0,0
BRDA:386,22,1,0
BRDA:426,23,0,0
BRDA:426,23,1,0
BRDA:432,24,0,0
BRDA:432,24,1,0
BRDA:432,25,0,0
BRDA:432,25,1,0
BRDA:449,26,0,0
BRDA:449,26,1,0
BRDA:449,27,0,0
BRDA:449,27,1,0
BRDA:451,28,0,0
BRDA:451,28,1,0
BRDA:453,29,0,0
BRDA:453,29,1,0
BRDA:456,30,0,0
BRDA:456,30,1,0
BRDA:466,31,0,0
BRDA:466,31,1,0
BRDA:466,32,0,0
BRDA:466,32,1,0
BRDA:469,33,0,0
BRDA:469,33,1,0
BRDA:469,34,0,0
BRDA:469,34,1,0
BRDA:483,35,0,0
BRDA:483,35,1,0
BRDA:484,36,0,0
BRDA:484,36,1,0
BRDA:488,37,0,0
BRDA:488,37,1,0
BRDA:499,38,0,0
BRDA:499,38,1,0
BRDA:506,39,0,0
BRDA:506,39,1,0
BRDA:508,40,0,0
BRDA:508,40,1,0
BRDA:510,41,0,0
BRDA:510,41,1,0
BRDA:514,42,0,0
BRDA:514,42,1,0
BRDA:516,43,0,0
BRDA:516,43,1,0
BRDA:518,44,0,0
BRDA:518,44,1,0
BRDA:524,45,0,0
BRDA:524,45,1,0
BRDA:524,46,0,0
BRDA:524,46,1,0
BRDA:528,47,0,0
BRDA:528,47,1,0
BRDA:553,48,0,0
BRDA:553,48,1,0
BRDA:564,49,0,0
BRDA:564,49,1,0
BRDA:580,50,0,0
BRDA:580,50,1,0
BRDA:587,51,0,0
BRDA:587,51,1,0
BRDA:594,52,0,0
BRDA:594,52,1,0
BRDA:617,53,0,0
BRDA:617,53,1,0
BRDA:620,54,0,0
BRDA:620,54,1,0
BRDA:635,55,0,0
BRDA:635,55,1,0
BRDA:640,56,0,0
BRDA:640,56,1,0
BRDA:663,57,0,0
BRDA:663,57,1,0
BRDA:665,58,0,0
BRDA:665,58,1,0
BRDA:668,59,0,0
BRDA:668,59,1,0
BRDA:670,60,0,0
BRDA:670,60,1,0
BRDA:689,61,0,0
BRDA:689,61,1,0
BRDA:691,62,0,0
BRDA:691,62,1,0
BRDA:694,63,0,0
BRDA:694,63,1,0
BRDA:696,64,0,0
BRDA:696,64,1,0
BRDA:714,65,0,0
BRDA:714,65,1,0
BRDA:715,66,0,0
BRDA:715,66,1,0
BRDA:752,67,0,0
BRDA:752,67,1,0
BRDA:779,68,0,0
BRDA:779,68,1,0
BRDA:786,69,0,0
BRDA:786,69,1,0
BRDA:786,70,0,0
BRDA:786,70,1,0
BRDA:787,71,0,0
BRDA:787,71,1,0
BRDA:787,72,0,0
BRDA:787,72,1,0
BRDA:792,73,0,0
BRDA:792,73,1,0
BRDA:794,74,0,0
BRDA:794,74,1,0
BRDA:798,75,0,0
BRDA:798,75,1,0
BRDA:800,76,0,0
BRDA:800,76,1,0
BRDA:806,77,0,0
BRDA:806,77,1,0
BRDA:849,78,0,0
BRDA:849,78,1,0
BRDA:878,79,0,0
BRDA:878,79,1,0
BRDA:886,80,0,0
BRDA:886,80,1,0
BRDA:893,81,0,0
BRDA:893,81,1,0
BRDA:893,82,0,0
BRDA:893,82,1,0
BRDA:903,83,0,0
BRDA:903,83,1,0
BRDA:915,84,0,0
BRDA:915,84,1,0
BRDA:918,85,0,0
BRDA:918,85,1,0
BRDA:944,86,0,0
BRDA:944,86,1,0
BRDA:952,87,0,0
BRDA:952,87,1,0
BRDA:952,88,0,0
BRDA:952,88,1,0
BRDA:969,89,0,0
BRDA:969,89,1,0
BRDA:981,90,0,0
BRDA:981,90,1,0
BRDA:984,91,0,0
BRDA:984,91,1,0
BRDA:1026,92,0,0
BRDA:1026,92,1,0
BRDA:1031,93,0,0
BRDA:1031,93,1,0
BRDA:1044,94,0,0
BRDA:1044,94,1,0
BRDA:1151,95,0,0
BRDA:1151,95,1,0
BRDA:1153,96,0,0
BRDA:1153,96,1,0
BRDA:1170,97,0,0
BRDA:1170,97,1,0
BRDA:1170,98,0,0
BRDA:1170,98,1,0
BRDA:1177,99,0,0
BRDA:1177,99,1,0
BRDA:1178,100,0,0
BRDA:1178,100,1,0
BRDA:1180,101,0,0
BRDA:1180,101,1,0
BRDA:1180,101,2,0
BRDA:1180,101,3,0
BRDA:1180,101,4,0
BRDA:1180,101,5,0
BRDA:1180,101,6,0
BRDA:1191,102,0,0
BRDA:1191,102,1,0
BRDA:1201,103,0,0
BRDA:1201,103,1,0
BRDA:1243,104,0,0
BRDA:1243,104,1,0
BRDA:1256,105,0,0
BRDA:1256,105,1,0
BRDA:1269,106,0,0
BRDA:1269,106,1,0
BRDA:1284,107,0,0
BRDA:1284,107,1,0
BRDA:1290,108,0,0
BRDA:1290,108,1,0
BRDA:1293,109,0,0
BRDA:1293,109,1,0
BRDA:1312,110,0,0
BRDA:1312,110,1,0
BRDA:1314,111,0,0
BRDA:1314,111,1,0
BRDA:1329,112,0,0
BRDA:1329,112,1,0
BRDA:1329,112,2,0
BRDA:1348,113,0,0
BRDA:1348,113,1,0
BRDA:1348,114,0,0
BRDA:1348,114,1,0
BRDA:1361,115,0,0
BRDA:1361,115,1,0
BRDA:1361,116,0,0
BRDA:1361,116,1,0
BRDA:1361,116,2,0
BRDA:1363,117,0,0
BRDA:1363,117,1,0
BRDA:1363,118,0,0
BRDA:1363,118,1,0
BRDA:1365,119,0,0
BRDA:1365,119,1,0
BRDA:1367,120,0,0
BRDA:1367,120,1,0
BRDA:1383,121,0,0
BRDA:1383,121,1,0
BRDA:1390,122,0,0
BRDA:1390,122,1,0
BRDA:1394,123,0,0
BRDA:1394,123,1,0
BRDA:1397,124,0,0
BRDA:1397,124,1,0
BRDA:1402,125,0,0
BRDA:1402,125,1,0
BRDA:1406,126,0,0
BRDA:1406,126,1,0
BRDA:1409,127,0,0
BRDA:1409,127,1,0
BRDA:1419,128,0,0
BRDA:1419,128,1,0
BRDA:1421,129,0,0
BRDA:1421,129,1,0
BRDA:1423,130,0,0
BRDA:1423,130,1,0
BRDA:1429,131,0,0
BRDA:1429,131,1,0
BRDA:1431,132,0,0
BRDA:1431,132,1,0
BRDA:1436,133,0,0
BRDA:1436,133,1,0
BRDA:1446,134,0,0
BRDA:1446,134,1,0
BRDA:1471,135,0,0
BRDA:1471,135,1,0
BRDA:1492,136,0,0
BRDA:1492,136,1,0
BRDA:1493,137,0,0
BRDA:1493,137,1,0
BRDA:1499,138,0,0
BRDA:1499,138,1,0
BRDA:1567,139,0,0
BRDA:1567,139,1,0
BRDA:1581,140,0,0
BRDA:1581,140,1,0
BRDA:1586,141,0,0
BRDA:1586,141,1,0
BRDA:1730,142,0,0
BRDA:1730,142,1,0
BRDA:2168,143,0,0
BRDA:2168,143,1,0
BRDA:2187,144,0,0
BRDA:2187,144,1,0
BRF:302
BRH:0
end_of_record
TN:
SF:src/screens/LayoutSelectionScreen.tsx
FN:99,(anonymous_0)
FN:102,(anonymous_1)
FN:121,(anonymous_2)
FN:128,(anonymous_3)
FN:153,(anonymous_4)
FN:171,(anonymous_5)
FNF:6
FNH:0
FNDA:0,(anonymous_0)
FNDA:0,(anonymous_1)
FNDA:0,(anonymous_2)
FNDA:0,(anonymous_3)
FNDA:0,(anonymous_4)
FNDA:0,(anonymous_5)
DA:20,0
DA:99,0
DA:100,0
DA:102,0
DA:103,0
DA:104,0
DA:107,0
DA:122,0
DA:128,0
DA:154,0
DA:171,0
DA:179,0
LF:12
LH:0
BRDA:126,0,0,0
BRDA:126,0,1,0
BRDA:135,1,0,0
BRDA:135,1,1,0
BRDA:142,2,0,0
BRDA:142,2,1,0
BRDA:144,3,0,0
BRDA:144,3,1,0
BRDA:166,4,0,0
BRDA:166,4,1,0
BRDA:170,5,0,0
BRDA:170,5,1,0
BRDA:171,6,0,0
BRDA:171,6,1,0
BRF:14
BRH:0
end_of_record
TN:
SF:src/screens/SettingsScreen.tsx
FN:52,(anonymous_0)
FN:72,(anonymous_1)
FN:76,(anonymous_2)
FN:87,(anonymous_3)
FN:99,(anonymous_4)
FN:108,(anonymous_5)
FN:121,(anonymous_6)
FN:127,(anonymous_7)
FN:128,(anonymous_8)
FN:132,(anonymous_9)
FN:133,(anonymous_10)
FN:137,(anonymous_11)
FN:142,(anonymous_12)
FN:144,(anonymous_13)
FN:148,(anonymous_14)
FN:154,(anonymous_15)
FN:159,(anonymous_16)
FN:163,(anonymous_17)
FN:223,(anonymous_18)
FN:236,(anonymous_19)
FN:399,(anonymous_20)
FN:405,(anonymous_21)
FN:414,(anonymous_22)
FN:453,(anonymous_23)
FN:493,(anonymous_24)
FN:501,(anonymous_25)
FN:509,(anonymous_26)
FN:531,(anonymous_27)
FN:544,(anonymous_28)
FN:552,(anonymous_29)
FN:560,(anonymous_30)
FN:582,(anonymous_31)
FN:595,(anonymous_32)
FN:603,(anonymous_33)
FN:611,(anonymous_34)
FN:633,(anonymous_35)
FN:644,(anonymous_36)
FN:756,(anonymous_37)
FNF:38
FNH:0
FNDA:0,(anonymous_0)
FNDA:0,(anonymous_1)
FNDA:0,(anonymous_2)
FNDA:0,(anonymous_3)
FNDA:0,(anonymous_4)
FNDA:0,(anonymous_5)
FNDA:0,(anonymous_6)
FNDA:0,(anonymous_7)
FNDA:0,(anonymous_8)
FNDA:0,(anonymous_9)
FNDA:0,(anonymous_10)
FNDA:0,(anonymous_11)
FNDA:0,(anonymous_12)
FNDA:0,(anonymous_13)
FNDA:0,(anonymous_14)
FNDA:0,(anonymous_15)
FNDA:0,(anonymous_16)
FNDA:0,(anonymous_17)
FNDA:0,(anonymous_18)
FNDA:0,(anonymous_19)
FNDA:0,(anonymous_20)
FNDA:0,(anonymous_21)
FNDA:0,(anonymous_22)
FNDA:0,(anonymous_23)
FNDA:0,(anonymous_24)
FNDA:0,(anonymous_25)
FNDA:0,(anonymous_26)
FNDA:0,(anonymous_27)
FNDA:0,(anonymous_28)
FNDA:0,(anonymous_29)
FNDA:0,(anonymous_30)
FNDA:0,(anonymous_31)
FNDA:0,(anonymous_32)
FNDA:0,(anonymous_33)
FNDA:0,(anonymous_34)
FNDA:0,(anonymous_35)
FNDA:0,(anonymous_36)
FNDA:0,(anonymous_37)
DA:19,0
DA:27,0
DA:38,0
DA:52,0
DA:53,0
DA:56,0
DA:57,0
DA:59,0
DA:60,0
DA:63,0
DA:64,0
DA:66,0
DA:67,0
DA:68,0
DA:69,0
DA:70,0
DA:72,0
DA:73,0
DA:76,0
DA:77,0
DA:78,0
DA:79,0
DA:80,0
DA:83,0
DA:87,0
DA:88,0
DA:89,0
DA:90,0
DA:91,0
DA:92,0
DA:94,0
DA:95,0
DA:99,0
DA:103,0
DA:104,0
DA:105,0
DA:108,0
DA:109,0
DA:110,0
DA:111,0
DA:114,0
DA:121,0
DA:122,0
DA:123,0
DA:124,0
DA:127,0
DA:128,0
DA:129,0
DA:132,0
DA:133,0
DA:134,0
DA:137,0
DA:138,0
DA:139,0
DA:142,0
DA:143,0
DA:144,0
DA:145,0
DA:148,0
DA:149,0
DA:152,0
DA:155,0
DA:159,0
DA:163,0
DA:169,0
DA:170,0
DA:171,0
DA:173,0
DA:174,0
DA:178,0
DA:179,0
DA:181,0
DA:182,0
DA:184,0
DA:187,0
DA:188,0
DA:189,0
DA:191,0
DA:198,0
DA:199,0
DA:201,0
DA:223,0
DA:236,0
DA:400,0
DA:401,0
DA:402,0
DA:405,0
DA:406,0
DA:415,0
DA:416,0
DA:417,0
DA:419,0
DA:427,0
DA:428,0
DA:429,0
DA:430,0
DA:431,0
DA:433,0
DA:437,0
DA:454,0
DA:455,0
DA:457,0
DA:493,0
DA:502,0
DA:511,0
DA:512,0
DA:531,0
DA:544,0
DA:553,0
DA:562,0
DA:563,0
DA:582,0
DA:595,0
DA:604,0
DA:612,0
DA:613,0
DA:614,0
DA:633,0
DA:644,0
DA:756,0
LF:120
LH:0
BRDA:63,0,0,0
BRDA:63,0,1,0
BRDA:66,1,0,0
BRDA:66,1,1,0
BRDA:67,2,0,0
BRDA:67,2,1,0
BRDA:79,3,0,0
BRDA:79,3,1,0
BRDA:129,4,0,0
BRDA:129,4,1,0
BRDA:134,5,0,0
BRDA:134,5,1,0
BRDA:143,6,0,0
BRDA:143,6,1,0
BRDA:145,7,0,0
BRDA:145,7,1,0
BRDA:152,8,0,0
BRDA:152,8,1,0
BRDA:169,9,0,0
BRDA:169,9,1,0
BRDA:181,10,0,0
BRDA:181,10,1,0
BRDA:188,11,0,0
BRDA:188,11,1,0
BRDA:371,12,0,0
BRDA:371,12,1,0
BRDA:374,13,0,0
BRDA:374,13,1,0
BRDA:375,14,0,0
BRDA:375,14,1,0
BRDA:376,15,0,0
BRDA:376,15,1,0
BRDA:383,16,0,0
BRDA:383,16,1,0
BRDA:400,17,0,0
BRDA:400,17,1,0
BRDA:419,18,0,0
BRDA:419,18,1,0
BRDA:427,19,0,0
BRDA:427,19,1,0
BRDA:428,20,0,0
BRDA:428,20,1,0
BRDA:433,21,0,0
BRDA:433,21,1,0
BRDA:452,22,0,0
BRDA:452,22,1,0
BRDA:454,23,0,0
BRDA:454,23,1,0
BRDA:507,24,0,0
BRDA:507,24,1,0
BRDA:517,25,0,0
BRDA:517,25,1,0
BRDA:521,26,0,0
BRDA:521,26,1,0
BRDA:558,27,0,0
BRDA:558,27,1,0
BRDA:568,28,0,0
BRDA:568,28,1,0
BRDA:572,29,0,0
BRDA:572,29,1,0
BRDA:609,30,0,0
BRDA:609,30,1,0
BRDA:619,31,0,0
BRDA:619,31,1,0
BRDA:623,32,0,0
BRDA:623,32,1,0
BRF:66
BRH:0
end_of_record
TN:
SF:src/screens/TestScreen.tsx
FN:4,TestScreen
FNF:1
FNH:0
FNDA:0,TestScreen
DA:5,0
LF:1
LH:0
BRF:0
BRH:0
end_of_record
TN:
SF:src/screens/index.ts
FNF:0
FNH:0
LF:0
LH:0
BRF:0
BRH:0
end_of_record
TN:
SF:src/services/P2PSyncService.ts
FN:40,(anonymous_0)
FN:67,(anonymous_1)
FN:77,(anonymous_2)
FN:81,(anonymous_3)
FN:86,(anonymous_4)
FN:94,(anonymous_5)
FN:112,(anonymous_6)
FN:135,(anonymous_7)
FN:137,(anonymous_8)
FN:168,(anonymous_9)
FN:181,(anonymous_10)
FN:202,(anonymous_11)
FN:211,(anonymous_12)
FN:224,(anonymous_13)
FN:226,(anonymous_14)
FN:234,(anonymous_15)
FN:248,(anonymous_16)
FN:249,(anonymous_17)
FN:254,(anonymous_18)
FN:263,(anonymous_19)
FN:306,(anonymous_20)
FN:333,(anonymous_21)
FN:355,(anonymous_22)
FN:362,(anonymous_23)
FN:365,(anonymous_24)
FN:379,(anonymous_25)
FN:394,(anonymous_26)
FN:401,(anonymous_27)
FN:408,(anonymous_28)
FN:409,(anonymous_29)
FN:419,(anonymous_30)
FN:423,(anonymous_31)
FN:428,(anonymous_32)
FN:433,(anonymous_33)
FN:435,(anonymous_34)
FNF:35
FNH:0
FNDA:0,(anonymous_0)
FNDA:0,(anonymous_1)
FNDA:0,(anonymous_2)
FNDA:0,(anonymous_3)
FNDA:0,(anonymous_4)
FNDA:0,(anonymous_5)
FNDA:0,(anonymous_6)
FNDA:0,(anonymous_7)
FNDA:0,(anonymous_8)
FNDA:0,(anonymous_9)
FNDA:0,(anonymous_10)
FNDA:0,(anonymous_11)
FNDA:0,(anonymous_12)
FNDA:0,(anonymous_13)
FNDA:0,(anonymous_14)
FNDA:0,(anonymous_15)
FNDA:0,(anonymous_16)
FNDA:0,(anonymous_17)
FNDA:0,(anonymous_18)
FNDA:0,(anonymous_19)
FNDA:0,(anonymous_20)
FNDA:0,(anonymous_21)
FNDA:0,(anonymous_22)
FNDA:0,(anonymous_23)
FNDA:0,(anonymous_24)
FNDA:0,(anonymous_25)
FNDA:0,(anonymous_26)
FNDA:0,(anonymous_27)
FNDA:0,(anonymous_28)
FNDA:0,(anonymous_29)
FNDA:0,(anonymous_30)
FNDA:0,(anonymous_31)
FNDA:0,(anonymous_32)
FNDA:0,(anonymous_33)
FNDA:0,(anonymous_34)
DA:7,0
DA:8,0
DA:9,0
DA:30,0
DA:31,0
DA:32,0
DA:33,0
DA:34,0
DA:35,0
DA:42,0
DA:43,0
DA:45,0
DA:46,0
DA:48,0
DA:51,0
DA:52,0
DA:53,0
DA:54,0
DA:56,0
DA:59,0
DA:61,0
DA:68,0
DA:69,0
DA:73,0
DA:77,0
DA:78,0
DA:81,0
DA:82,0
DA:83,0
DA:86,0
DA:87,0
DA:95,0
DA:96,0
DA:99,0
DA:106,0
DA:113,0
DA:114,0
DA:115,0
DA:116,0
DA:118,0
DA:121,0
DA:122,0
DA:126,0
DA:132,0
DA:135,0
DA:136,0
DA:137,0
DA:138,0
DA:140,0
DA:143,0
DA:146,0
DA:149,0
DA:150,0
DA:152,0
DA:155,0
DA:157,0
DA:158,0
DA:159,0
DA:161,0
DA:169,0
DA:170,0
DA:171,0
DA:173,0
DA:174,0
DA:182,0
DA:183,0
DA:184,0
DA:185,0
DA:188,0
DA:189,0
DA:190,0
DA:193,0
DA:197,0
DA:198,0
DA:199,0
DA:202,0
DA:203,0
DA:204,0
DA:205,0
DA:208,0
DA:211,0
DA:212,0
DA:213,0
DA:216,0
DA:225,0
DA:226,0
DA:228,0
DA:229,0
DA:230,0
DA:231,0
DA:234,0
DA:235,0
DA:236,0
DA:237,0
DA:239,0
DA:240,0
DA:249,0
DA:250,0
DA:251,0
DA:254,0
DA:255,0
DA:256,0
DA:264,0
DA:265,0
DA:266,0
DA:267,0
DA:271,0
DA:272,0
DA:273,0
DA:275,0
DA:283,0
DA:284,0
DA:285,0
DA:286,0
DA:289,0
DA:292,0
DA:298,0
DA:300,0
DA:307,0
DA:308,0
DA:311,0
DA:313,0
DA:314,0
DA:315,0
DA:318,0
DA:320,0
DA:321,0
DA:324,0
DA:326,0
DA:335,0
DA:336,0
DA:337,0
DA:340,0
DA:341,0
DA:344,0
DA:345,0
DA:348,0
DA:349,0
DA:359,0
DA:362,0
DA:365,0
DA:366,0
DA:367,0
DA:369,0
DA:373,0
DA:380,0
DA:382,0
DA:383,0
DA:384,0
DA:386,0
DA:395,0
DA:402,0
DA:409,0
DA:410,0
DA:412,0
DA:413,0
DA:414,0
DA:420,0
DA:424,0
DA:430,0
DA:434,0
DA:435,0
DA:436,0
DA:438,0
LF:164
LH:0
BRDA:43,0,0,0
BRDA:43,0,1,0
BRDA:52,1,0,0
BRDA:52,1,1,0
BRDA:68,2,0,0
BRDA:68,2,1,0
BRDA:95,3,0,0
BRDA:95,3,1,0
BRDA:95,4,0,0
BRDA:95,4,1,0
BRDA:121,5,0,0
BRDA:121,5,1,0
BRDA:121,6,0,0
BRDA:121,6,1,0
BRDA:128,7,0,0
BRDA:128,7,1,0
BRDA:135,8,0,0
BRDA:135,8,1,0
BRDA:158,9,0,0
BRDA:158,9,1,0
BRDA:161,10,0,0
BRDA:161,10,1,0
BRDA:171,11,0,0
BRDA:171,11,1,0
BRDA:183,12,0,0
BRDA:183,12,1,0
BRDA:188,13,0,0
BRDA:188,13,1,0
BRDA:188,14,0,0
BRDA:188,14,1,0
BRDA:197,15,0,0
BRDA:197,15,1,0
BRDA:228,16,0,0
BRDA:228,16,1,0
BRDA:239,17,0,0
BRDA:239,17,1,0
BRDA:265,18,0,0
BRDA:265,18,1,0
BRDA:284,19,0,0
BRDA:284,19,1,0
BRDA:307,20,0,0
BRDA:307,20,1,0
BRDA:320,21,0,0
BRDA:320,21,1,0
BRDA:367,22,0,0
BRDA:367,22,1,0
BRDA:367,23,0,0
BRDA:367,23,1,0
BRDA:367,23,2,0
BRDA:367,23,3,0
BRDA:412,24,0,0
BRDA:412,24,1,0
BRDA:436,25,0,0
BRDA:436,25,1,0
BRF:54
BRH:0
end_of_record
TN:
SF:src/services/SyncService.ts
FN:30,(anonymous_0)
FN:80,(anonymous_1)
FN:89,(anonymous_2)
FN:100,(anonymous_3)
FN:111,(anonymous_4)
FN:140,(anonymous_5)
FN:156,(anonymous_6)
FN:172,(anonymous_7)
FN:188,(anonymous_8)
FN:195,(anonymous_9)
FN:202,(anonymous_10)
FN:209,(anonymous_11)
FN:216,(anonymous_12)
FN:224,(anonymous_13)
FN:232,(anonymous_14)
FN:239,(anonymous_15)
FN:249,(anonymous_16)
FNF:17
FNH:0
FNDA:0,(anonymous_0)
FNDA:0,(anonymous_1)
FNDA:0,(anonymous_2)
FNDA:0,(anonymous_3)
FNDA:0,(anonymous_4)
FNDA:0,(anonymous_5)
FNDA:0,(anonymous_6)
FNDA:0,(anonymous_7)
FNDA:0,(anonymous_8)
FNDA:0,(anonymous_9)
FNDA:0,(anonymous_10)
FNDA:0,(anonymous_11)
FNDA:0,(anonymous_12)
FNDA:0,(anonymous_13)
FNDA:0,(anonymous_14)
FNDA:0,(anonymous_15)
FNDA:0,(anonymous_16)
DA:24,0
DA:25,0
DA:31,0
DA:32,0
DA:33,0
DA:36,0
DA:37,0
DA:38,0
DA:41,0
DA:42,0
DA:43,0
DA:46,0
DA:47,0
DA:51,0
DA:52,0
DA:56,0
DA:57,0
DA:61,0
DA:67,0
DA:68,0
DA:70,0
DA:71,0
DA:73,0
DA:81,0
DA:82,0
DA:85,0
DA:88,0
DA:89,0
DA:90,0
DA:91,0
DA:92,0
DA:96,0
DA:99,0
DA:100,0
DA:101,0
DA:102,0
DA:103,0
DA:107,0
DA:110,0
DA:111,0
DA:112,0
DA:113,0
DA:114,0
DA:118,0
DA:121,0
DA:122,0
DA:126,0
DA:127,0
DA:130,0
DA:132,0
DA:133,0
DA:145,0
DA:146,0
DA:161,0
DA:162,0
DA:177,0
DA:178,0
DA:189,0
DA:196,0
DA:203,0
DA:214,0
DA:217,0
DA:218,0
DA:222,0
DA:225,0
DA:226,0
DA:230,0
DA:233,0
DA:234,0
DA:239,0
DA:240,0
DA:241,0
DA:242,0
DA:250,0
LF:74
LH:0
BRDA:31,0,0,0
BRDA:31,0,1,0
BRF:2
BRH:0
end_of_record
TN:
SF:src/types/index.ts
FNF:0
FNH:0
LF:0
LH:0
BRF:0
BRH:0
end_of_record
TN:
SF:src/utils/encryption.ts
FN:17,generateMasterKey
FN:29,generateSalt
FN:39,encryptData
FN:51,decryptData
FN:67,hashPassword
FN:76,validatePassword
FNF:6
FNH:2
FNDA:0,generateMasterKey
FNDA:1,generateSalt
FNDA:5,encryptData
FNDA:0,decryptData
FNDA:0,hashPassword
FNDA:0,validatePassword
DA:8,4
DA:9,4
DA:18,0
DA:22,0
DA:30,1
DA:40,5
DA:41,5
DA:42,5
DA:52,0
DA:53,0
DA:55,0
DA:56,0
DA:59,0
DA:68,0
DA:77,0
DA:78,0
DA:80,0
DA:81,0
DA:83,0
DA:84,0
DA:86,0
DA:87,0
DA:89,0
LF:23
LH:6
BRDA:55,0,0,0
BRDA:55,0,1,0
BRDA:77,1,0,0
BRDA:77,1,1,0
BRDA:80,2,0,0
BRDA:80,2,1,0
BRDA:83,3,0,0
BRDA:83,3,1,0
BRDA:86,4,0,0
BRDA:86,4,1,0
BRF:10
BRH:0
end_of_record
TN:
SF:src/utils/notifications.native.ts
FN:3,(anonymous_0)
FNF:1
FNH:0
FNDA:0,(anonymous_0)
DA:3,0
DA:4,0
DA:5,0
DA:6,0
DA:7,0
LF:5
LH:0
BRDA:4,0,0,0
BRDA:4,0,1,0
BRDA:6,1,0,0
BRDA:6,1,1,0
BRF:4
BRH:0
end_of_record
TN:
SF:src/utils/notifications.ts
FN:3,(anonymous_0)
FNF:1
FNH:0
FNDA:0,(anonymous_0)
DA:3,0
DA:6,0
LF:2
LH:0
BRF:0
BRH:0
end_of_record
TN:
SF:src/utils/notifications.web.ts
FN:4,(anonymous_0)
FN:8,(anonymous_1)
FN:14,(anonymous_2)
FN:21,(anonymous_3)
FNF:4
FNH:0
FNDA:0,(anonymous_0)
FNDA:0,(anonymous_1)
FNDA:0,(anonymous_2)
FNDA:0,(anonymous_3)
DA:4,0
DA:5,0
DA:8,0
DA:10,0
DA:11,0
DA:14,0
DA:16,0
DA:17,0
DA:21,0
DA:22,0
DA:24,0
DA:26,0
DA:28,0
DA:30,0
LF:14
LH:0
BRDA:22,0,0,0
BRDA:22,0,1,0
BRDA:22,0,2,0
BRDA:22,0,3,0
BRF:4
BRH:0
end_of_record
TN:
SF:src/utils/platform.ts
FN:6,(anonymous_0)
FN:26,(anonymous_1)
FNF:2
FNH:2
FNDA:18,(anonymous_0)
FNDA:4,(anonymous_1)
DA:6,3
DA:7,18
DA:9,3
DA:10,3
DA:13,3
DA:14,3
DA:16,3
DA:20,15
DA:26,3
DA:27,4
DA:28,2
DA:35,2
LF:12
LH:12
BRDA:7,0,0,3
BRDA:7,0,1,15
BRDA:10,1,0,3
BRDA:10,1,1,0
BRDA:16,2,0,3
BRDA:16,2,1,2
BRDA:27,3,0,2
BRDA:27,3,1,2
BRDA:29,4,0,2
BRDA:29,4,1,1
BRF:10
BRH:9
end_of_record
TN:
SF:src/utils/storage.ts
FN:15,(anonymous_0)
FN:29,(anonymous_1)
FN:52,(anonymous_2)
FN:64,(anonymous_3)
FN:80,(anonymous_4)
FN:108,(anonymous_5)
FN:114,(anonymous_6)
FN:124,(anonymous_7)
FN:143,(anonymous_8)
FN:152,(anonymous_9)
FN:163,(anonymous_10)
FN:168,(anonymous_11)
FN:181,(anonymous_12)
FN:190,(anonymous_13)
FN:200,(anonymous_14)
FN:203,(anonymous_15)
FN:213,(anonymous_16)
FN:216,(anonymous_17)
FN:224,(anonymous_18)
FN:229,(anonymous_19)
FN:242,(anonymous_20)
FN:251,(anonymous_21)
FN:261,(anonymous_22)
FN:264,(anonymous_23)
FN:274,(anonymous_24)
FN:277,(anonymous_25)
FN:285,(anonymous_26)
FN:295,(anonymous_27)
FN:305,(anonymous_28)
FN:314,(anonymous_29)
FN:322,(anonymous_30)
FN:326,(anonymous_31)
FN:330,(anonymous_32)
FN:345,(anonymous_33)
FN:349,(anonymous_34)
FN:358,(anonymous_35)
FNF:36
FNH:18
FNDA:1,(anonymous_0)
FNDA:5,(anonymous_1)
FNDA:5,(anonymous_2)
FNDA:5,(anonymous_3)
FNDA:5,(anonymous_4)
FNDA:2,(anonymous_5)
FNDA:1,(anonymous_6)
FNDA:0,(anonymous_7)
FNDA:2,(anonymous_8)
FNDA:1,(anonymous_9)
FNDA:2,(anonymous_10)
FNDA:2,(anonymous_11)
FNDA:2,(anonymous_12)
FNDA:0,(anonymous_13)
FNDA:1,(anonymous_14)
FNDA:1,(anonymous_15)
FNDA:0,(anonymous_16)
FNDA:0,(anonymous_17)
FNDA:1,(anonymous_18)
FNDA:1,(anonymous_19)
FNDA:1,(anonymous_20)
FNDA:0,(anonymous_21)
FNDA:0,(anonymous_22)
FNDA:0,(anonymous_23)
FNDA:0,(anonymous_24)
FNDA:0,(anonymous_25)
FNDA:17,(anonymous_26)
FNDA:0,(anonymous_27)
FNDA:0,(anonymous_28)
FNDA:0,(anonymous_29)
FNDA:0,(anonymous_30)
FNDA:0,(anonymous_31)
FNDA:0,(anonymous_32)
FNDA:0,(anonymous_33)
FNDA:0,(anonymous_34)
FNDA:0,(anonymous_35)
DA:6,4
DA:7,4
DA:8,4
DA:9,4
DA:10,4
DA:11,4
DA:12,4
DA:15,4
DA:17,1
DA:18,1
DA:19,1
DA:25,4
DA:26,4
DA:29,4
DA:30,5
DA:31,4
DA:34,1
DA:35,1
DA:36,1
DA:38,1
DA:39,1
DA:40,1
DA:42,1
DA:43,1
DA:45,0
DA:47,0
DA:52,4
DA:53,5
DA:54,5
DA:55,5
DA:56,5
DA:58,0
DA:59,0
DA:64,4
DA:65,5
DA:66,5
DA:67,0
DA:70,5
DA:71,5
DA:72,5
DA:74,0
DA:75,0
DA:80,4
DA:81,5
DA:84,5
DA:86,5
DA:88,5
DA:91,0
DA:92,0
DA:93,0
DA:95,0
DA:97,0
DA:98,0
DA:100,0
DA:101,0
DA:109,2
DA:110,2
DA:111,2
DA:112,2
DA:114,2
DA:124,2
DA:126,0
DA:127,0
DA:129,0
DA:130,0
DA:132,0
DA:134,2
DA:136,0
DA:138,0
DA:139,0
DA:144,2
DA:145,2
DA:146,2
DA:148,0
DA:153,1
DA:154,1
DA:155,1
DA:156,1
DA:158,0
DA:164,2
DA:165,2
DA:166,2
DA:167,2
DA:168,2
DA:174,0
DA:176,0
DA:177,0
DA:182,2
DA:183,2
DA:184,2
DA:186,0
DA:191,0
DA:192,0
DA:193,0
DA:194,0
DA:196,0
DA:201,1
DA:202,1
DA:203,1
DA:204,1
DA:205,1
DA:207,1
DA:209,0
DA:214,0
DA:215,0
DA:216,0
DA:217,0
DA:219,0
DA:225,1
DA:226,1
DA:227,1
DA:228,1
DA:229,1
DA:233,1
DA:235,0
DA:237,0
DA:238,0
DA:243,1
DA:244,1
DA:245,1
DA:247,0
DA:252,0
DA:253,0
DA:254,0
DA:255,0
DA:257,0
DA:262,0
DA:263,0
DA:264,0
DA:265,0
DA:266,0
DA:267,0
DA:270,0
DA:275,0
DA:276,0
DA:277,0
DA:278,0
DA:280,0
DA:286,17
DA:287,17
DA:288,17
DA:290,0
DA:291,0
DA:296,0
DA:297,0
DA:298,0
DA:300,0
DA:306,0
DA:307,0
DA:308,0
DA:310,0
DA:315,0
DA:316,0
DA:317,0
DA:318,0
DA:320,0
DA:322,0
DA:326,0
DA:330,0
DA:337,0
DA:339,0
DA:340,0
DA:346,0
DA:350,0
DA:351,0
DA:352,0
DA:354,0
DA:359,0
DA:361,0
DA:362,0
DA:363,0
DA:364,0
DA:365,0
DA:368,0
DA:369,0
DA:370,0
DA:371,0
DA:372,0
DA:374,0
DA:376,0
DA:377,0
LF:181
LH:80
BRDA:17,0,0,1
BRDA:17,0,1,0
BRDA:30,1,0,4
BRDA:30,1,1,1
BRDA:36,2,0,1
BRDA:36,2,1,0
BRDA:66,3,0,0
BRDA:66,3,1,5
BRDA:81,4,0,0
BRDA:81,4,1,5
BRDA:84,5,0,5
BRDA:84,5,1,5
BRDA:86,6,0,5
BRDA:86,6,1,0
BRDA:111,7,0,2
BRDA:111,7,1,0
BRDA:120,8,0,1
BRDA:120,8,1,1
BRDA:127,9,0,0
BRDA:127,9,1,0
BRDA:129,10,0,0
BRDA:129,10,1,0
BRDA:129,11,0,0
BRDA:129,11,1,0
BRDA:130,12,0,0
BRDA:130,12,1,0
BRDA:130,13,0,0
BRDA:130,13,1,0
BRDA:166,14,0,2
BRDA:166,14,1,0
BRDA:171,15,0,2
BRDA:171,15,1,0
BRDA:204,16,0,1
BRDA:204,16,1,0
BRDA:227,17,0,1
BRDA:227,17,1,0
BRDA:265,18,0,0
BRDA:265,18,1,0
BRDA:288,19,0,0
BRDA:288,19,1,17
BRDA:317,20,0,0
BRDA:317,20,1,0
BRDA:333,21,0,0
BRDA:333,21,1,0
BRDA:351,22,0,0
BRDA:351,22,1,0
BRDA:371,23,0,0
BRDA:371,23,1,0
BRDA:372,24,0,0
BRDA:372,24,1,0
BRF:50
BRH:17
end_of_record
TN:
SF:src/utils/textAnalysis.ts
FN:5,(anonymous_0)
FN:6,(anonymous_1)
FN:47,(anonymous_2)
FN:53,(anonymous_3)
FN:57,(anonymous_4)
FN:85,(anonymous_5)
FN:91,(anonymous_6)
FN:102,(anonymous_7)
FN:123,(anonymous_8)
FN:216,(anonymous_9)
FN:239,(anonymous_10)
FN:348,(anonymous_11)
FN:367,(anonymous_12)
FN:454,(anonymous_13)
FN:458,(anonymous_14)
FN:463,(anonymous_15)
FN:468,(anonymous_16)
FN:473,(anonymous_17)
FN:478,(anonymous_18)
FN:483,(anonymous_19)
FN:488,(anonymous_20)
FN:493,(anonymous_21)
FN:501,(anonymous_22)
FN:510,(anonymous_23)
FN:537,(anonymous_24)
FN:550,(anonymous_25)
FN:619,(anonymous_26)
FN:621,(anonymous_27)
FNF:28
FNH:23
FNDA:3,(anonymous_0)
FNDA:93,(anonymous_1)
FNDA:5,(anonymous_2)
FNDA:4,(anonymous_3)
FNDA:35,(anonymous_4)
FNDA:1,(anonymous_5)
FNDA:1,(anonymous_6)
FNDA:24,(anonymous_7)
FNDA:1,(anonymous_8)
FNDA:2,(anonymous_9)
FNDA:1,(anonymous_10)
FNDA:3,(anonymous_11)
FNDA:2,(anonymous_12)
FNDA:2,(anonymous_13)
FNDA:10,(anonymous_14)
FNDA:16,(anonymous_15)
FNDA:8,(anonymous_16)
FNDA:0,(anonymous_17)
FNDA:0,(anonymous_18)
FNDA:0,(anonymous_19)
FNDA:0,(anonymous_20)
FNDA:0,(anonymous_21)
FNDA:3,(anonymous_22)
FNDA:2,(anonymous_23)
FNDA:2,(anonymous_24)
FNDA:5,(anonymous_25)
FNDA:3,(anonymous_26)
FNDA:24,(anonymous_27)
DA:4,3
DA:6,3
DA:7,93
DA:8,93
DA:15,3
DA:26,3
DA:34,3
DA:49,5
DA:50,5
DA:54,4
DA:57,35
DA:58,4
DA:59,3
DA:64,1
DA:67,1
DA:68,1
DA:69,0
DA:73,1
DA:74,1
DA:75,0
DA:78,1
DA:81,0
DA:87,1
DA:92,1
DA:93,1
DA:102,24
DA:103,1
DA:104,1
DA:108,0
DA:109,0
DA:110,0
DA:114,0
DA:115,0
DA:116,0
DA:119,0
DA:124,1
DA:126,1
DA:127,1
DA:130,1
DA:161,1
DA:162,0
DA:166,1
DA:167,0
DA:171,1
DA:172,1
DA:176,0
DA:177,0
DA:178,0
DA:182,0
DA:185,0
DA:186,0
DA:194,0
DA:195,0
DA:197,0
DA:198,0
DA:200,0
DA:204,0
DA:208,0
DA:209,0
DA:212,0
DA:217,2
DA:219,1
DA:220,1
DA:221,1
DA:225,1
DA:227,1
DA:236,1
DA:240,1
DA:241,1
DA:242,1
DA:245,1
DA:246,0
DA:250,1
DA:251,1
DA:252,1
DA:253,1
DA:257,0
DA:258,0
DA:259,0
DA:260,0
DA:264,0
DA:265,0
DA:266,0
DA:267,0
DA:271,0
DA:272,0
DA:273,0
DA:274,0
DA:275,0
DA:276,0
DA:277,0
DA:278,0
DA:281,0
DA:282,0
DA:283,0
DA:284,0
DA:285,0
DA:286,0
DA:287,0
DA:288,0
DA:292,0
DA:293,0
DA:294,0
DA:295,0
DA:296,0
DA:297,0
DA:298,0
DA:299,0
DA:300,0
DA:301,0
DA:302,0
DA:308,0
DA:310,0
DA:314,0
DA:315,0
DA:316,0
DA:318,0
DA:319,0
DA:321,0
DA:322,0
DA:323,0
DA:324,0
DA:326,0
DA:327,0
DA:329,0
DA:335,0
DA:336,0
DA:337,0
DA:338,0
DA:339,0
DA:340,0
DA:341,0
DA:345,0
DA:349,3
DA:350,3
DA:353,2
DA:355,2
DA:368,2
DA:369,2
DA:372,2
DA:373,2
DA:374,2
DA:375,1
DA:376,1
DA:383,1
DA:384,1
DA:385,1
DA:386,0
DA:387,0
DA:394,1
DA:395,1
DA:396,1
DA:397,1
DA:398,1
DA:405,0
DA:413,0
DA:414,0
DA:416,0
DA:418,0
DA:419,0
DA:420,0
DA:426,0
DA:427,0
DA:428,0
DA:434,0
DA:440,0
DA:448,0
DA:455,2
DA:458,10
DA:459,0
DA:463,16
DA:464,1
DA:468,8
DA:469,1
DA:473,0
DA:474,0
DA:478,0
DA:479,0
DA:483,0
DA:484,0
DA:488,0
DA:489,0
DA:493,0
DA:494,0
DA:498,0
DA:503,3
DA:504,3
DA:506,2
DA:507,2
DA:510,2
DA:512,2
DA:513,2
DA:515,2
DA:517,2
DA:518,2
DA:521,2
DA:522,1
DA:523,1
DA:524,0
DA:525,1
DA:526,0
DA:527,1
DA:528,0
DA:529,1
DA:530,1
DA:534,2
DA:536,0
DA:537,2
DA:539,2
DA:542,2
DA:545,2
DA:547,2
DA:552,5
DA:554,5
DA:556,5
DA:559,5
DA:561,1
DA:562,1
DA:564,1
DA:565,1
DA:567,1
DA:568,1
DA:570,2
DA:571,2
DA:573,0
DA:574,0
DA:576,0
DA:577,0
DA:580,5
DA:587,5
DA:591,5
DA:592,0
DA:596,5
DA:597,0
DA:600,5
DA:603,0
DA:614,0
DA:615,0
DA:620,3
DA:621,24
LF:240
LH:115
BRDA:7,0,0,90
BRDA:7,0,1,3
BRDA:58,1,0,3
BRDA:58,1,1,1
BRDA:64,2,0,1
BRDA:64,2,1,0
BRDA:64,3,0,1
BRDA:64,3,1,1
BRDA:68,4,0,0
BRDA:68,4,1,1
BRDA:74,5,0,0
BRDA:74,5,1,1
BRDA:103,6,0,1
BRDA:103,6,1,0
BRDA:109,7,0,0
BRDA:109,7,1,0
BRDA:115,8,0,0
BRDA:115,8,1,0
BRDA:161,9,0,0
BRDA:161,9,1,1
BRDA:166,10,0,0
BRDA:166,10,1,1
BRDA:166,11,0,1
BRDA:166,11,1,1
BRDA:171,12,0,1
BRDA:171,12,1,0
BRDA:171,13,0,1
BRDA:171,13,1,1
BRDA:171,13,2,0
BRDA:176,14,0,0
BRDA:176,14,1,0
BRDA:185,15,0,0
BRDA:185,15,1,0
BRDA:194,16,0,0
BRDA:194,16,1,0
BRDA:194,17,0,0
BRDA:194,17,1,0
BRDA:197,18,0,0
BRDA:197,18,1,0
BRDA:197,19,0,0
BRDA:197,19,1,0
BRDA:200,20,0,0
BRDA:200,20,1,0
BRDA:200,21,0,0
BRDA:200,21,1,0
BRDA:200,21,2,0
BRDA:200,21,3,0
BRDA:200,21,4,0
BRDA:200,21,5,0
BRDA:200,21,6,0
BRDA:200,21,7,0
BRDA:209,22,0,0
BRDA:209,22,1,0
BRDA:217,23,0,1
BRDA:217,23,1,1
BRDA:220,24,0,1
BRDA:220,24,1,0
BRDA:245,25,0,0
BRDA:245,25,1,1
BRDA:250,26,0,1
BRDA:250,26,1,0
BRDA:257,27,0,0
BRDA:257,27,1,0
BRDA:257,28,0,0
BRDA:257,28,1,0
BRDA:264,29,0,0
BRDA:264,29,1,0
BRDA:273,30,0,0
BRDA:273,30,1,0
BRDA:275,31,0,0
BRDA:275,31,1,0
BRDA:283,32,0,0
BRDA:283,32,1,0
BRDA:285,33,0,0
BRDA:285,33,1,0
BRDA:295,34,0,0
BRDA:295,34,1,0
BRDA:299,35,0,0
BRDA:299,35,1,0
BRDA:319,36,0,0
BRDA:319,36,1,0
BRDA:321,37,0,0
BRDA:321,37,1,0
BRDA:323,38,0,0
BRDA:323,38,1,0
BRDA:323,39,0,0
BRDA:323,39,1,0
BRDA:326,40,0,0
BRDA:326,40,1,0
BRDA:337,41,0,0
BRDA:337,41,1,0
BRDA:350,42,0,1
BRDA:350,42,1,2
BRDA:374,43,0,1
BRDA:374,43,1,1
BRDA:385,44,0,0
BRDA:385,44,1,1
BRDA:396,45,0,1
BRDA:396,45,1,0
BRDA:414,46,0,0
BRDA:414,46,1,0
BRDA:416,47,0,0
BRDA:416,47,1,0
BRDA:419,48,0,0
BRDA:419,48,1,0
BRDA:427,49,0,0
BRDA:427,49,1,0
BRDA:458,50,0,0
BRDA:458,50,1,2
BRDA:463,51,0,1
BRDA:463,51,1,1
BRDA:468,52,0,1
BRDA:468,52,1,0
BRDA:473,53,0,0
BRDA:473,53,1,0
BRDA:478,54,0,0
BRDA:478,54,1,0
BRDA:483,55,0,0
BRDA:483,55,1,0
BRDA:483,56,0,0
BRDA:483,56,1,0
BRDA:488,57,0,0
BRDA:488,57,1,0
BRDA:493,58,0,0
BRDA:493,58,1,0
BRDA:504,59,0,1
BRDA:504,59,1,2
BRDA:504,60,0,3
BRDA:504,60,1,2
BRDA:515,61,0,2
BRDA:515,61,1,0
BRDA:515,62,0,2
BRDA:515,62,1,2
BRDA:517,63,0,2
BRDA:517,63,1,0
BRDA:521,64,0,1
BRDA:521,64,1,1
BRDA:523,65,0,0
BRDA:523,65,1,1
BRDA:525,66,0,0
BRDA:525,66,1,1
BRDA:527,67,0,0
BRDA:527,67,1,1
BRDA:529,68,0,1
BRDA:529,68,1,0
BRDA:537,69,0,2
BRDA:537,69,1,2
BRDA:539,70,0,0
BRDA:539,70,1,2
BRDA:545,71,0,2
BRDA:545,71,1,0
BRDA:552,72,0,5
BRDA:552,72,1,1
BRDA:559,73,0,1
BRDA:559,73,1,1
BRDA:559,73,2,1
BRDA:559,73,3,2
BRDA:559,73,4,0
BRDA:559,73,5,0
BRDA:591,74,0,0
BRDA:591,74,1,5
BRDA:591,75,0,5
BRDA:591,75,1,1
BRDA:596,76,0,0
BRDA:596,76,1,5
BRDA:596,77,0,5
BRDA:596,77,1,0
BRDA:614,78,0,0
BRDA:614,78,1,0
BRF:169
BRH:61
end_of_record
